<?xml version="1.0" encoding="UTF-8"?>
<testsuite name="com.ceiba.hotelmanager.dominio.servicios.EncontrarHabitacionTest" tests="2" skipped="0" failures="0" errors="0" timestamp="2019-11-12T12:05:03" hostname="SEBASTIAN-AGUDELO" time="0.007">
  <properties/>
  <testcase name="encontrarHabitacionQuintoPisoTest" classname="com.ceiba.hotelmanager.dominio.servicios.EncontrarHabitacionTest" time="0.007"/>
  <testcase name="encontrarHabitacionPrimeroCuatroPisosTest" classname="com.ceiba.hotelmanager.dominio.servicios.EncontrarHabitacionTest" time="0.0"/>
  <system-out><![CDATA[]]></system-out>
  <system-err><![CDATA[]]></system-err>
</testsuite>
