<?xml version="1.0" encoding="UTF-8"?>
<testsuite name="com.ceiba.hotelmanager.infraestructura.controlador.ControladorReservaTest" tests="2" skipped="0" failures="0" errors="0" timestamp="2019-11-28T16:30:59" hostname="SEBASTIAN-AGUDELO" time="1.671">
  <properties/>
  <testcase name="listarReservasTest()" classname="com.ceiba.hotelmanager.infraestructura.controlador.ControladorReservaTest" time="1.096"/>
  <testcase name="crearReserva()" classname="com.ceiba.hotelmanager.infraestructura.controlador.ControladorReservaTest" time="0.573"/>
  <system-out><![CDATA[11:30:44.058 [Test worker] DEBUG org.springframework.test.context.BootstrapUtils - Instantiating CacheAwareContextLoaderDelegate from class [org.springframework.test.context.cache.DefaultCacheAwareContextLoaderDelegate]
11:30:44.155 [Test worker] DEBUG org.springframework.test.context.BootstrapUtils - Instantiating BootstrapContext using constructor [public org.springframework.test.context.support.DefaultBootstrapContext(java.lang.Class,org.springframework.test.context.CacheAwareContextLoaderDelegate)]
11:30:44.230 [Test worker] DEBUG org.springframework.test.context.BootstrapUtils - Instantiating TestContextBootstrapper for test class [com.ceiba.hotelmanager.infraestructura.controlador.ControladorReservaTest] from class [org.springframework.boot.test.context.SpringBootTestContextBootstrapper]
11:30:44.268 [Test worker] INFO org.springframework.boot.test.context.SpringBootTestContextBootstrapper - Neither @ContextConfiguration nor @ContextHierarchy found for test class [com.ceiba.hotelmanager.infraestructura.controlador.ControladorReservaTest], using SpringBootContextLoader
11:30:44.279 [Test worker] DEBUG org.springframework.test.context.support.AbstractContextLoader - Did not detect default resource location for test class [com.ceiba.hotelmanager.infraestructura.controlador.ControladorReservaTest]: class path resource [com/ceiba/hotelmanager/infraestructura/controlador/ControladorReservaTest-context.xml] does not exist
11:30:44.281 [Test worker] DEBUG org.springframework.test.context.support.AbstractContextLoader - Did not detect default resource location for test class [com.ceiba.hotelmanager.infraestructura.controlador.ControladorReservaTest]: class path resource [com/ceiba/hotelmanager/infraestructura/controlador/ControladorReservaTestContext.groovy] does not exist
11:30:44.281 [Test worker] INFO org.springframework.test.context.support.AbstractContextLoader - Could not detect default resource locations for test class [com.ceiba.hotelmanager.infraestructura.controlador.ControladorReservaTest]: no resource found for suffixes {-context.xml, Context.groovy}.
11:30:44.391 [Test worker] DEBUG org.springframework.test.context.support.ActiveProfilesUtils - Could not find an 'annotation declaring class' for annotation type [org.springframework.test.context.ActiveProfiles] and class [com.ceiba.hotelmanager.infraestructura.controlador.ControladorReservaTest]
11:30:44.658 [Test worker] DEBUG org.springframework.boot.test.context.SpringBootTestContextBootstrapper - @TestExecutionListeners is not present for class [com.ceiba.hotelmanager.infraestructura.controlador.ControladorReservaTest]: using defaults.
11:30:44.659 [Test worker] INFO org.springframework.boot.test.context.SpringBootTestContextBootstrapper - Loaded default TestExecutionListener class names from location [META-INF/spring.factories]: [org.springframework.boot.test.autoconfigure.restdocs.RestDocsTestExecutionListener, org.springframework.boot.test.autoconfigure.web.client.MockRestServiceServerResetTestExecutionListener, org.springframework.boot.test.autoconfigure.web.servlet.MockMvcPrintOnlyOnFailureTestExecutionListener, org.springframework.boot.test.autoconfigure.web.servlet.WebDriverTestExecutionListener, org.springframework.boot.test.mock.mockito.MockitoTestExecutionListener, org.springframework.boot.test.mock.mockito.ResetMocksTestExecutionListener, org.springframework.test.context.web.ServletTestExecutionListener, org.springframework.test.context.support.DirtiesContextBeforeModesTestExecutionListener, org.springframework.test.context.support.DependencyInjectionTestExecutionListener, org.springframework.test.context.support.DirtiesContextTestExecutionListener, org.springframework.test.context.transaction.TransactionalTestExecutionListener, org.springframework.test.context.jdbc.SqlScriptsTestExecutionListener, org.springframework.test.context.event.EventPublishingTestExecutionListener]
11:30:44.715 [Test worker] INFO org.springframework.boot.test.context.SpringBootTestContextBootstrapper - Using TestExecutionListeners: [org.springframework.test.context.web.ServletTestExecutionListener@76484097, org.springframework.test.context.support.DirtiesContextBeforeModesTestExecutionListener@3e133681, org.springframework.boot.test.mock.mockito.MockitoTestExecutionListener@7bb4ab7a, org.springframework.boot.test.autoconfigure.SpringBootDependencyInjectionTestExecutionListener@12968b54, org.springframework.test.context.support.DirtiesContextTestExecutionListener@26ee2d69, org.springframework.test.context.transaction.TransactionalTestExecutionListener@1eea00b, org.springframework.test.context.jdbc.SqlScriptsTestExecutionListener@5fdf3437, org.springframework.test.context.event.EventPublishingTestExecutionListener@7935c8b3, org.springframework.boot.test.autoconfigure.restdocs.RestDocsTestExecutionListener@2e673799, org.springframework.boot.test.autoconfigure.web.client.MockRestServiceServerResetTestExecutionListener@5afd24a6, org.springframework.boot.test.autoconfigure.web.servlet.MockMvcPrintOnlyOnFailureTestExecutionListener@7ca5dd42, org.springframework.boot.test.autoconfigure.web.servlet.WebDriverTestExecutionListener@2b82f235, org.springframework.boot.test.mock.mockito.ResetMocksTestExecutionListener@3c4ed323]
11:30:44.724 [Test worker] DEBUG org.springframework.test.context.support.AbstractDirtiesContextTestExecutionListener - Before test class: context [DefaultTestContext@66ffe791 testClass = ControladorReservaTest, testInstance = [null], testMethod = [null], testException = [null], mergedContextConfiguration = [WebMergedContextConfiguration@76080504 testClass = ControladorReservaTest, locations = '{}', classes = '{class com.ceiba.hotelmanager.HotelmanagerApplication, class com.ceiba.hotelmanager.HotelmanagerApplication}', contextInitializerClasses = '[]', activeProfiles = '{}', propertySourceLocations = '{}', propertySourceProperties = '{org.springframework.boot.test.context.SpringBootTestContextBootstrapper=true}', contextCustomizers = set[org.springframework.boot.test.autoconfigure.properties.PropertyMappingContextCustomizer@4b3fa0b3, org.springframework.boot.test.autoconfigure.web.servlet.WebDriverContextCustomizerFactory$Customizer@565136a, [ImportsContextCustomizer@46981be2 key = [org.springframework.boot.test.autoconfigure.web.servlet.MockMvcAutoConfiguration, org.springframework.boot.test.autoconfigure.web.servlet.MockMvcWebClientAutoConfiguration, org.springframework.boot.test.autoconfigure.web.servlet.MockMvcWebDriverAutoConfiguration, org.springframework.boot.autoconfigure.security.servlet.SecurityAutoConfiguration, org.springframework.boot.autoconfigure.security.servlet.UserDetailsServiceAutoConfiguration, org.springframework.boot.test.autoconfigure.web.servlet.MockMvcSecurityConfiguration]], org.springframework.boot.test.context.filter.ExcludeFilterContextCustomizer@461aa50f, org.springframework.boot.test.json.DuplicateJsonObjectContextCustomizerFactory$DuplicateJsonObjectContextCustomizer@27887679, org.springframework.boot.test.mock.mockito.MockitoContextCustomizer@0, org.springframework.boot.test.web.client.TestRestTemplateContextCustomizer@79b13cac], resourceBasePath = 'src/main/webapp', contextLoader = 'org.springframework.boot.test.context.SpringBootContextLoader', parent = [null]], attributes = map['org.springframework.test.context.web.ServletTestExecutionListener.activateListener' -> true]], class annotated with @DirtiesContext [false] with mode [null].
11:30:44.801 [Test worker] DEBUG org.springframework.test.context.support.TestPropertySourceUtils - Adding inlined properties to environment: {spring.jmx.enabled=false, org.springframework.boot.test.context.SpringBootTestContextBootstrapper=true, server.port=-1}

  .   ____          _            __ _ _
 /\\ / ___'_ __ _ _(_)_ __  __ _ \ \ \ \
( ( )\___ | '_ | '_| | '_ \/ _` | \ \ \ \
 \\/  ___)| |_)| | | | | || (_| |  ) ) ) )
  '  |____| .__|_| |_|_| |_\__, | / / / /
 =========|_|==============|___/=/_/_/_/
 :: Spring Boot ::        (v2.2.0.RELEASE)

2019-11-28 11:30:45.929  INFO 15508 --- [    Test worker] c.c.h.i.c.ControladorReservaTest         : Starting ControladorReservaTest on SEBASTIAN-AGUDELO with PID 15508 (started by sebastian.agudelo in C:\Users\sebastian.agudelo\Desktop\Proyectos\ManagerHotelApp\hotel-service)
2019-11-28 11:30:45.950  INFO 15508 --- [    Test worker] c.c.h.i.c.ControladorReservaTest         : No active profile set, falling back to default profiles: default
2019-11-28 11:30:48.484  INFO 15508 --- [    Test worker] .s.d.r.c.RepositoryConfigurationDelegate : Bootstrapping Spring Data repositories in DEFAULT mode.
2019-11-28 11:30:48.734  INFO 15508 --- [    Test worker] .s.d.r.c.RepositoryConfigurationDelegate : Finished Spring Data repository scanning in 214ms. Found 3 repository interfaces.
2019-11-28 11:30:49.791  INFO 15508 --- [    Test worker] trationDelegate$BeanPostProcessorChecker : Bean 'org.springframework.transaction.annotation.ProxyTransactionManagementConfiguration' of type [org.springframework.transaction.annotation.ProxyTransactionManagementConfiguration] is not eligible for getting processed by all BeanPostProcessors (for example: not eligible for auto-proxying)
2019-11-28 11:30:50.561  INFO 15508 --- [    Test worker] com.zaxxer.hikari.HikariDataSource       : HikariPool-1 - Starting...
2019-11-28 11:30:51.421  INFO 15508 --- [    Test worker] com.zaxxer.hikari.HikariDataSource       : HikariPool-1 - Start completed.
2019-11-28 11:30:51.708  INFO 15508 --- [    Test worker] o.hibernate.jpa.internal.util.LogHelper  : HHH000204: Processing PersistenceUnitInfo [name: default]
2019-11-28 11:30:52.048  INFO 15508 --- [    Test worker] org.hibernate.Version                    : HHH000412: Hibernate Core {5.4.6.Final}
2019-11-28 11:30:52.183  INFO 15508 --- [    Test worker] o.hibernate.annotations.common.Version   : HCANN000001: Hibernate Commons Annotations {5.1.0.Final}
2019-11-28 11:30:52.539  INFO 15508 --- [    Test worker] org.hibernate.dialect.Dialect            : HHH000400: Using dialect: org.hibernate.dialect.H2Dialect
2019-11-28 11:30:54.312  INFO 15508 --- [    Test worker] o.h.e.t.j.p.i.JtaPlatformInitiator       : HHH000490: Using JtaPlatform implementation: [org.hibernate.engine.transaction.jta.platform.internal.NoJtaPlatform]
2019-11-28 11:30:54.327  INFO 15508 --- [    Test worker] j.LocalContainerEntityManagerFactoryBean : Initialized JPA EntityManagerFactory for persistence unit 'default'
2019-11-28 11:30:57.026  WARN 15508 --- [    Test worker] JpaBaseConfiguration$JpaWebConfiguration : spring.jpa.open-in-view is enabled by default. Therefore, database queries may be performed during view rendering. Explicitly configure spring.jpa.open-in-view to disable this warning
2019-11-28 11:30:57.778  INFO 15508 --- [    Test worker] o.s.s.concurrent.ThreadPoolTaskExecutor  : Initializing ExecutorService 'applicationTaskExecutor'
2019-11-28 11:30:59.162  INFO 15508 --- [    Test worker] o.s.b.t.m.w.SpringBootMockServletContext : Initializing Spring TestDispatcherServlet ''
2019-11-28 11:30:59.163  INFO 15508 --- [    Test worker] o.s.t.web.servlet.TestDispatcherServlet  : Initializing Servlet ''
2019-11-28 11:30:59.214  INFO 15508 --- [    Test worker] o.s.t.web.servlet.TestDispatcherServlet  : Completed initialization in 49 ms
2019-11-28 11:30:59.282  INFO 15508 --- [    Test worker] c.c.h.i.c.ControladorReservaTest         : Started ControladorReservaTest in 14.443 seconds (JVM running for 22.107)
2019-11-28 11:30:59.390  INFO 15508 --- [    Test worker] o.s.t.c.transaction.TransactionContext   : Began transaction (1) for test context [DefaultTestContext@66ffe791 testClass = ControladorReservaTest, testInstance = com.ceiba.hotelmanager.infraestructura.controlador.ControladorReservaTest@d092843, testMethod = listarReservasTest@ControladorReservaTest, testException = [null], mergedContextConfiguration = [WebMergedContextConfiguration@76080504 testClass = ControladorReservaTest, locations = '{}', classes = '{class com.ceiba.hotelmanager.HotelmanagerApplication, class com.ceiba.hotelmanager.HotelmanagerApplication}', contextInitializerClasses = '[]', activeProfiles = '{}', propertySourceLocations = '{}', propertySourceProperties = '{org.springframework.boot.test.context.SpringBootTestContextBootstrapper=true}', contextCustomizers = set[org.springframework.boot.test.autoconfigure.properties.PropertyMappingContextCustomizer@4b3fa0b3, org.springframework.boot.test.autoconfigure.web.servlet.WebDriverContextCustomizerFactory$Customizer@565136a, [ImportsContextCustomizer@46981be2 key = [org.springframework.boot.test.autoconfigure.web.servlet.MockMvcAutoConfiguration, org.springframework.boot.test.autoconfigure.web.servlet.MockMvcWebClientAutoConfiguration, org.springframework.boot.test.autoconfigure.web.servlet.MockMvcWebDriverAutoConfiguration, org.springframework.boot.autoconfigure.security.servlet.SecurityAutoConfiguration, org.springframework.boot.autoconfigure.security.servlet.UserDetailsServiceAutoConfiguration, org.springframework.boot.test.autoconfigure.web.servlet.MockMvcSecurityConfiguration]], org.springframework.boot.test.context.filter.ExcludeFilterContextCustomizer@461aa50f, org.springframework.boot.test.json.DuplicateJsonObjectContextCustomizerFactory$DuplicateJsonObjectContextCustomizer@27887679, org.springframework.boot.test.mock.mockito.MockitoContextCustomizer@0, org.springframework.boot.test.web.client.TestRestTemplateContextCustomizer@79b13cac], resourceBasePath = 'src/main/webapp', contextLoader = 'org.springframework.boot.test.context.SpringBootContextLoader', parent = [null]], attributes = map['org.springframework.test.context.web.ServletTestExecutionListener.activateListener' -> true, 'org.springframework.test.context.web.ServletTestExecutionListener.populatedRequestContextHolder' -> true, 'org.springframework.test.context.web.ServletTestExecutionListener.resetRequestContextHolder' -> true]]; transaction manager [org.springframework.orm.jpa.JpaTransactionManager@4404bb55]; rollback [true]

MockHttpServletRequest:
      HTTP Method = GET
      Request URI = /reserva
       Parameters = {}
          Headers = [Content-Type:"application/json;charset=UTF-8"]
             Body = [{"idReserva":1,"numeroCedula":1036960221,"usuario":{"idUsuario":1,"cedulaCiudadania":1036960221,"primerNombre":"Juan","segundoNombre":"Sebastian","primerApellido":"Agudelo","segundoApellido":"Mejia","numeroCelular":"3144568565"},"numeroHabitacion":"201","cantidadPersonas":2,"fechaIngreso":"2019-05-15","fechaSalida":"2019-05-20","factura":{"fechaRegistro":"2019-11-28","valorPagar":37200}},{"idReserva":2,"numeroCedula":1036960222,"usuario":{"idUsuario":1,"cedulaCiudadania":1036960221,"primerNombre":"Juan","segundoNombre":"Sebastian","primerApellido":"Agudelo","segundoApellido":"Mejia","numeroCelular":"3144568565"},"numeroHabitacion":"202","cantidadPersonas":2,"fechaIngreso":"2019-05-15","fechaSalida":"2019-05-20","factura":{"fechaRegistro":"2019-11-28","valorPagar":37200}}]
    Session Attrs = {}

Handler:
             Type = com.ceiba.hotelmanager.infraestructura.controlador.ControladorReserva
           Method = com.ceiba.hotelmanager.infraestructura.controlador.ControladorReserva#listarReserva()

Async:
    Async started = false
     Async result = null

Resolved Exception:
             Type = null

ModelAndView:
        View name = null
             View = null
            Model = null

FlashMap:
       Attributes = null

MockHttpServletResponse:
           Status = 200
    Error message = null
          Headers = [Vary:"Origin", "Access-Control-Request-Method", "Access-Control-Request-Headers", Content-Type:"application/json"]
     Content type = application/json
             Body = []
    Forwarded URL = null
   Redirected URL = null
          Cookies = []
2019-11-28 11:31:00.444  INFO 15508 --- [    Test worker] o.s.t.c.transaction.TransactionContext   : Rolled back transaction for test: [DefaultTestContext@66ffe791 testClass = ControladorReservaTest, testInstance = com.ceiba.hotelmanager.infraestructura.controlador.ControladorReservaTest@d092843, testMethod = listarReservasTest@ControladorReservaTest, testException = [null], mergedContextConfiguration = [WebMergedContextConfiguration@76080504 testClass = ControladorReservaTest, locations = '{}', classes = '{class com.ceiba.hotelmanager.HotelmanagerApplication, class com.ceiba.hotelmanager.HotelmanagerApplication}', contextInitializerClasses = '[]', activeProfiles = '{}', propertySourceLocations = '{}', propertySourceProperties = '{org.springframework.boot.test.context.SpringBootTestContextBootstrapper=true}', contextCustomizers = set[org.springframework.boot.test.autoconfigure.properties.PropertyMappingContextCustomizer@4b3fa0b3, org.springframework.boot.test.autoconfigure.web.servlet.WebDriverContextCustomizerFactory$Customizer@565136a, [ImportsContextCustomizer@46981be2 key = [org.springframework.boot.test.autoconfigure.web.servlet.MockMvcAutoConfiguration, org.springframework.boot.test.autoconfigure.web.servlet.MockMvcWebClientAutoConfiguration, org.springframework.boot.test.autoconfigure.web.servlet.MockMvcWebDriverAutoConfiguration, org.springframework.boot.autoconfigure.security.servlet.SecurityAutoConfiguration, org.springframework.boot.autoconfigure.security.servlet.UserDetailsServiceAutoConfiguration, org.springframework.boot.test.autoconfigure.web.servlet.MockMvcSecurityConfiguration]], org.springframework.boot.test.context.filter.ExcludeFilterContextCustomizer@461aa50f, org.springframework.boot.test.json.DuplicateJsonObjectContextCustomizerFactory$DuplicateJsonObjectContextCustomizer@27887679, org.springframework.boot.test.mock.mockito.MockitoContextCustomizer@0, org.springframework.boot.test.web.client.TestRestTemplateContextCustomizer@79b13cac], resourceBasePath = 'src/main/webapp', contextLoader = 'org.springframework.boot.test.context.SpringBootContextLoader', parent = [null]], attributes = map['org.springframework.test.context.web.ServletTestExecutionListener.activateListener' -> true, 'org.springframework.test.context.web.ServletTestExecutionListener.populatedRequestContextHolder' -> true, 'org.springframework.test.context.web.ServletTestExecutionListener.resetRequestContextHolder' -> true]]
2019-11-28 11:31:00.453  INFO 15508 --- [    Test worker] o.s.t.c.transaction.TransactionContext   : Began transaction (1) for test context [DefaultTestContext@66ffe791 testClass = ControladorReservaTest, testInstance = com.ceiba.hotelmanager.infraestructura.controlador.ControladorReservaTest@20c64428, testMethod = crearReserva@ControladorReservaTest, testException = [null], mergedContextConfiguration = [WebMergedContextConfiguration@76080504 testClass = ControladorReservaTest, locations = '{}', classes = '{class com.ceiba.hotelmanager.HotelmanagerApplication, class com.ceiba.hotelmanager.HotelmanagerApplication}', contextInitializerClasses = '[]', activeProfiles = '{}', propertySourceLocations = '{}', propertySourceProperties = '{org.springframework.boot.test.context.SpringBootTestContextBootstrapper=true}', contextCustomizers = set[org.springframework.boot.test.autoconfigure.properties.PropertyMappingContextCustomizer@4b3fa0b3, org.springframework.boot.test.autoconfigure.web.servlet.WebDriverContextCustomizerFactory$Customizer@565136a, [ImportsContextCustomizer@46981be2 key = [org.springframework.boot.test.autoconfigure.web.servlet.MockMvcAutoConfiguration, org.springframework.boot.test.autoconfigure.web.servlet.MockMvcWebClientAutoConfiguration, org.springframework.boot.test.autoconfigure.web.servlet.MockMvcWebDriverAutoConfiguration, org.springframework.boot.autoconfigure.security.servlet.SecurityAutoConfiguration, org.springframework.boot.autoconfigure.security.servlet.UserDetailsServiceAutoConfiguration, org.springframework.boot.test.autoconfigure.web.servlet.MockMvcSecurityConfiguration]], org.springframework.boot.test.context.filter.ExcludeFilterContextCustomizer@461aa50f, org.springframework.boot.test.json.DuplicateJsonObjectContextCustomizerFactory$DuplicateJsonObjectContextCustomizer@27887679, org.springframework.boot.test.mock.mockito.MockitoContextCustomizer@0, org.springframework.boot.test.web.client.TestRestTemplateContextCustomizer@79b13cac], resourceBasePath = 'src/main/webapp', contextLoader = 'org.springframework.boot.test.context.SpringBootContextLoader', parent = [null]], attributes = map['org.springframework.test.context.web.ServletTestExecutionListener.activateListener' -> true, 'org.springframework.test.context.web.ServletTestExecutionListener.populatedRequestContextHolder' -> true, 'org.springframework.test.context.web.ServletTestExecutionListener.resetRequestContextHolder' -> true]]; transaction manager [org.springframework.orm.jpa.JpaTransactionManager@4404bb55]; rollback [true]

MockHttpServletRequest:
      HTTP Method = POST
      Request URI = /reserva
       Parameters = {}
          Headers = [Content-Type:"application/json;charset=UTF-8", Accept:"application/json"]
             Body = {"idReserva":1,"numeroCedula":1036960221,"usuario":{"idUsuario":1,"cedulaCiudadania":1036960221,"primerNombre":"Juan","segundoNombre":"Sebastian","primerApellido":"Agudelo","segundoApellido":"Mejia","numeroCelular":"3144568565"},"numeroHabitacion":"201","cantidadPersonas":2,"fechaIngreso":"2019-05-15","fechaSalida":"2019-05-20","factura":{"fechaRegistro":null,"valorPagar":0}}
    Session Attrs = {}

Handler:
             Type = com.ceiba.hotelmanager.infraestructura.controlador.ControladorReserva
           Method = com.ceiba.hotelmanager.infraestructura.controlador.ControladorReserva#guardarReserva(ComandoReserva)

Async:
    Async started = false
     Async result = null

Resolved Exception:
             Type = null

ModelAndView:
        View name = null
             View = null
            Model = null

FlashMap:
       Attributes = null

MockHttpServletResponse:
           Status = 200
    Error message = null
          Headers = [Vary:"Origin", "Access-Control-Request-Method", "Access-Control-Request-Headers"]
     Content type = null
             Body = 
    Forwarded URL = null
   Redirected URL = null
          Cookies = []
2019-11-28 11:31:01.020  INFO 15508 --- [    Test worker] o.s.t.c.transaction.TransactionContext   : Rolled back transaction for test: [DefaultTestContext@66ffe791 testClass = ControladorReservaTest, testInstance = com.ceiba.hotelmanager.infraestructura.controlador.ControladorReservaTest@20c64428, testMethod = crearReserva@ControladorReservaTest, testException = [null], mergedContextConfiguration = [WebMergedContextConfiguration@76080504 testClass = ControladorReservaTest, locations = '{}', classes = '{class com.ceiba.hotelmanager.HotelmanagerApplication, class com.ceiba.hotelmanager.HotelmanagerApplication}', contextInitializerClasses = '[]', activeProfiles = '{}', propertySourceLocations = '{}', propertySourceProperties = '{org.springframework.boot.test.context.SpringBootTestContextBootstrapper=true}', contextCustomizers = set[org.springframework.boot.test.autoconfigure.properties.PropertyMappingContextCustomizer@4b3fa0b3, org.springframework.boot.test.autoconfigure.web.servlet.WebDriverContextCustomizerFactory$Customizer@565136a, [ImportsContextCustomizer@46981be2 key = [org.springframework.boot.test.autoconfigure.web.servlet.MockMvcAutoConfiguration, org.springframework.boot.test.autoconfigure.web.servlet.MockMvcWebClientAutoConfiguration, org.springframework.boot.test.autoconfigure.web.servlet.MockMvcWebDriverAutoConfiguration, org.springframework.boot.autoconfigure.security.servlet.SecurityAutoConfiguration, org.springframework.boot.autoconfigure.security.servlet.UserDetailsServiceAutoConfiguration, org.springframework.boot.test.autoconfigure.web.servlet.MockMvcSecurityConfiguration]], org.springframework.boot.test.context.filter.ExcludeFilterContextCustomizer@461aa50f, org.springframework.boot.test.json.DuplicateJsonObjectContextCustomizerFactory$DuplicateJsonObjectContextCustomizer@27887679, org.springframework.boot.test.mock.mockito.MockitoContextCustomizer@0, org.springframework.boot.test.web.client.TestRestTemplateContextCustomizer@79b13cac], resourceBasePath = 'src/main/webapp', contextLoader = 'org.springframework.boot.test.context.SpringBootContextLoader', parent = [null]], attributes = map['org.springframework.test.context.web.ServletTestExecutionListener.activateListener' -> true, 'org.springframework.test.context.web.ServletTestExecutionListener.populatedRequestContextHolder' -> true, 'org.springframework.test.context.web.ServletTestExecutionListener.resetRequestContextHolder' -> true]]
]]></system-out>
  <system-err><![CDATA[]]></system-err>
</testsuite>
