<?xml version="1.0" encoding="UTF-8"?>
<testsuite name="com.ceiba.hotelmanager.dominio.modelo.FacturaTest" tests="1" skipped="0" failures="0" errors="0" timestamp="2019-12-10T15:07:12" hostname="SEBASTIAN-AGUDELO" time="0.023">
  <properties/>
  <testcase name="funcionamientoGetterAndSetterDeFacturaTest()" classname="com.ceiba.hotelmanager.dominio.modelo.FacturaTest" time="0.023"/>
  <system-out><![CDATA[]]></system-out>
  <system-err><![CDATA[]]></system-err>
</testsuite>
