<?xml version="1.0" encoding="UTF-8"?>
<testsuite name="com.ceiba.hotelmanager.dominio.modelo.UsuarioTest" tests="1" skipped="0" failures="0" errors="0" timestamp="2019-11-25T20:43:53" hostname="SEBASTIAN-AGUDELO" time="0.001">
  <properties/>
  <testcase name="creacionUsuarioTest()" classname="com.ceiba.hotelmanager.dominio.modelo.UsuarioTest" time="0.001"/>
  <system-out><![CDATA[]]></system-out>
  <system-err><![CDATA[]]></system-err>
</testsuite>
