<?xml version="1.0" encoding="UTF-8"?>
<testsuite name="com.ceiba.hotelmanager.dominio.servicio.reserva.ServicioCrearReservaTest" tests="1" skipped="0" failures="0" errors="0" timestamp="2019-11-28T16:30:43" hostname="SEBASTIAN-AGUDELO" time="0.142">
  <properties/>
  <testcase name="validarLaExistenciaDeReservaPorCedulaUsuarioTest()" classname="com.ceiba.hotelmanager.dominio.servicio.reserva.ServicioCrearReservaTest" time="0.142"/>
  <system-out><![CDATA[]]></system-out>
  <system-err><![CDATA[]]></system-err>
</testsuite>
