<?xml version="1.0" encoding="UTF-8"?>
<testsuite name="com.ceiba.hotelmanager.dominio.servicio.usuario.ServicioCrearUsuarioTest" tests="1" skipped="0" failures="0" errors="0" timestamp="2019-12-10T15:07:13" hostname="SEBASTIAN-AGUDELO" time="0.003">
  <properties/>
  <testcase name="validarExistenciaDeUsuarioTest()" classname="com.ceiba.hotelmanager.dominio.servicio.usuario.ServicioCrearUsuarioTest" time="0.003"/>
  <system-out><![CDATA[]]></system-out>
  <system-err><![CDATA[]]></system-err>
</testsuite>
