<?xml version="1.0" encoding="UTF-8"?>
<testsuite name="com.ceiba.hotelmanager.infraestructura.controlador.ControladorUsuarioTest" tests="3" skipped="0" failures="0" errors="0" timestamp="2019-12-10T15:07:27" hostname="SEBASTIAN-AGUDELO" time="0.286">
  <properties/>
  <testcase name="listarUsuarioTest()" classname="com.ceiba.hotelmanager.infraestructura.controlador.ControladorUsuarioTest" time="0.164"/>
  <testcase name="crearUsuario()" classname="com.ceiba.hotelmanager.infraestructura.controlador.ControladorUsuarioTest" time="0.039"/>
  <testcase name="eliminarUsuarioTest()" classname="com.ceiba.hotelmanager.infraestructura.controlador.ControladorUsuarioTest" time="0.077"/>
  <system-out><![CDATA[2019-12-10 10:07:27.701  INFO 19084 --- [    Test worker] .b.t.c.SpringBootTestContextBootstrapper : Neither @ContextConfiguration nor @ContextHierarchy found for test class [com.ceiba.hotelmanager.infraestructura.controlador.ControladorUsuarioTest], using SpringBootContextLoader
2019-12-10 10:07:27.703  INFO 19084 --- [    Test worker] o.s.t.c.support.AbstractContextLoader    : Could not detect default resource locations for test class [com.ceiba.hotelmanager.infraestructura.controlador.ControladorUsuarioTest]: no resource found for suffixes {-context.xml, Context.groovy}.
2019-12-10 10:07:27.714  INFO 19084 --- [    Test worker] .b.t.c.SpringBootTestContextBootstrapper : Loaded default TestExecutionListener class names from location [META-INF/spring.factories]: [org.springframework.boot.test.autoconfigure.restdocs.RestDocsTestExecutionListener, org.springframework.boot.test.autoconfigure.web.client.MockRestServiceServerResetTestExecutionListener, org.springframework.boot.test.autoconfigure.web.servlet.MockMvcPrintOnlyOnFailureTestExecutionListener, org.springframework.boot.test.autoconfigure.web.servlet.WebDriverTestExecutionListener, org.springframework.boot.test.mock.mockito.MockitoTestExecutionListener, org.springframework.boot.test.mock.mockito.ResetMocksTestExecutionListener, org.springframework.test.context.web.ServletTestExecutionListener, org.springframework.test.context.support.DirtiesContextBeforeModesTestExecutionListener, org.springframework.test.context.support.DependencyInjectionTestExecutionListener, org.springframework.test.context.support.DirtiesContextTestExecutionListener, org.springframework.test.context.transaction.TransactionalTestExecutionListener, org.springframework.test.context.jdbc.SqlScriptsTestExecutionListener, org.springframework.test.context.event.EventPublishingTestExecutionListener]
2019-12-10 10:07:27.714  INFO 19084 --- [    Test worker] .b.t.c.SpringBootTestContextBootstrapper : Using TestExecutionListeners: [org.springframework.test.context.web.ServletTestExecutionListener@56a42f9b, org.springframework.test.context.support.DirtiesContextBeforeModesTestExecutionListener@739a5dca, org.springframework.boot.test.mock.mockito.MockitoTestExecutionListener@3dba9512, org.springframework.boot.test.autoconfigure.SpringBootDependencyInjectionTestExecutionListener@6f97ba6d, org.springframework.test.context.support.DirtiesContextTestExecutionListener@183888f3, org.springframework.test.context.transaction.TransactionalTestExecutionListener@396de233, org.springframework.test.context.jdbc.SqlScriptsTestExecutionListener@5016e209, org.springframework.test.context.event.EventPublishingTestExecutionListener@2006eb4, org.springframework.boot.test.autoconfigure.restdocs.RestDocsTestExecutionListener@5e231117, org.springframework.boot.test.autoconfigure.web.client.MockRestServiceServerResetTestExecutionListener@8890c9a, org.springframework.boot.test.autoconfigure.web.servlet.MockMvcPrintOnlyOnFailureTestExecutionListener@6fe8a128, org.springframework.boot.test.autoconfigure.web.servlet.WebDriverTestExecutionListener@6e1c17af, org.springframework.boot.test.mock.mockito.ResetMocksTestExecutionListener@287108d2]
2019-12-10 10:07:27.723  INFO 19084 --- [    Test worker] o.s.t.c.transaction.TransactionContext   : Began transaction (1) for test context [DefaultTestContext@659e98e4 testClass = ControladorUsuarioTest, testInstance = com.ceiba.hotelmanager.infraestructura.controlador.ControladorUsuarioTest@1ef8786e, testMethod = listarUsuarioTest@ControladorUsuarioTest, testException = [null], mergedContextConfiguration = [WebMergedContextConfiguration@1575cadc testClass = ControladorUsuarioTest, locations = '{}', classes = '{class com.ceiba.hotelmanager.HotelmanagerApplication, class com.ceiba.hotelmanager.HotelmanagerApplication}', contextInitializerClasses = '[]', activeProfiles = '{}', propertySourceLocations = '{}', propertySourceProperties = '{org.springframework.boot.test.context.SpringBootTestContextBootstrapper=true}', contextCustomizers = set[org.springframework.boot.test.autoconfigure.properties.PropertyMappingContextCustomizer@4b3fa0b3, org.springframework.boot.test.autoconfigure.web.servlet.WebDriverContextCustomizerFactory$Customizer@2e07223b, [ImportsContextCustomizer@344868c key = [org.springframework.boot.test.autoconfigure.web.servlet.MockMvcAutoConfiguration, org.springframework.boot.test.autoconfigure.web.servlet.MockMvcWebClientAutoConfiguration, org.springframework.boot.test.autoconfigure.web.servlet.MockMvcWebDriverAutoConfiguration, org.springframework.boot.autoconfigure.security.servlet.SecurityAutoConfiguration, org.springframework.boot.autoconfigure.security.servlet.UserDetailsServiceAutoConfiguration, org.springframework.boot.test.autoconfigure.web.servlet.MockMvcSecurityConfiguration]], org.springframework.boot.test.context.filter.ExcludeFilterContextCustomizer@1eb0ac64, org.springframework.boot.test.json.DuplicateJsonObjectContextCustomizerFactory$DuplicateJsonObjectContextCustomizer@56fb3fc, org.springframework.boot.test.mock.mockito.MockitoContextCustomizer@0, org.springframework.boot.test.web.client.TestRestTemplateContextCustomizer@8d4f4bb], resourceBasePath = 'src/main/webapp', contextLoader = 'org.springframework.boot.test.context.SpringBootContextLoader', parent = [null]], attributes = map['org.springframework.test.context.web.ServletTestExecutionListener.activateListener' -> true, 'org.springframework.test.context.web.ServletTestExecutionListener.populatedRequestContextHolder' -> true, 'org.springframework.test.context.web.ServletTestExecutionListener.resetRequestContextHolder' -> true]]; transaction manager [org.springframework.orm.jpa.JpaTransactionManager@297ace69]; rollback [true]

MockHttpServletRequest:
      HTTP Method = GET
      Request URI = /usuario
       Parameters = {}
          Headers = [Content-Type:"application/json;charset=UTF-8"]
             Body = [{"idUsuario":1,"cedulaCiudadania":1036960221,"primerNombre":"Juan","segundoNombre":"Sebastian","primerApellido":"Agudelo","segundoApellido":"Mejia","numeroCelular":"3144568565"},{"idUsuario":2,"cedulaCiudadania":1036960333,"primerNombre":"Juanes","segundoNombre":"Sebastian","primerApellido":"Perez","segundoApellido":"Mejia","numeroCelular":"3144568566"},{"idUsuario":3,"cedulaCiudadania":1046960333,"primerNombre":"Maria","segundoNombre":"Alejandra","primerApellido":"Agudelo","segundoApellido":"Mejia","numeroCelular":"3144568536"}]
    Session Attrs = {}

Handler:
             Type = com.ceiba.hotelmanager.infraestructura.controlador.ControladorUsuario
           Method = com.ceiba.hotelmanager.infraestructura.controlador.ControladorUsuario#listarUsuario()

Async:
    Async started = false
     Async result = null

Resolved Exception:
             Type = null

ModelAndView:
        View name = null
             View = null
            Model = null

FlashMap:
       Attributes = null

MockHttpServletResponse:
           Status = 200
    Error message = null
          Headers = [Content-Type:"application/json"]
     Content type = application/json
             Body = [{"idUsuario":9,"cedulaCiudadania":1036960221,"primerNombre":"Juan","segundoNombre":"Sebastian","primerApellido":"Agudelo","segundoApellido":"Mejia","numeroCelular":"3144568565"},{"idUsuario":10,"cedulaCiudadania":1036960333,"primerNombre":"Juanes","segundoNombre":"Sebastian","primerApellido":"Perez","segundoApellido":"Mejia","numeroCelular":"3144568566"},{"idUsuario":11,"cedulaCiudadania":1046960333,"primerNombre":"Maria","segundoNombre":"Alejandra","primerApellido":"Agudelo","segundoApellido":"Mejia","numeroCelular":"3144568536"}]
    Forwarded URL = null
   Redirected URL = null
          Cookies = []
2019-12-10 10:07:27.883  INFO 19084 --- [    Test worker] o.s.t.c.transaction.TransactionContext   : Rolled back transaction for test: [DefaultTestContext@659e98e4 testClass = ControladorUsuarioTest, testInstance = com.ceiba.hotelmanager.infraestructura.controlador.ControladorUsuarioTest@1ef8786e, testMethod = listarUsuarioTest@ControladorUsuarioTest, testException = [null], mergedContextConfiguration = [WebMergedContextConfiguration@1575cadc testClass = ControladorUsuarioTest, locations = '{}', classes = '{class com.ceiba.hotelmanager.HotelmanagerApplication, class com.ceiba.hotelmanager.HotelmanagerApplication}', contextInitializerClasses = '[]', activeProfiles = '{}', propertySourceLocations = '{}', propertySourceProperties = '{org.springframework.boot.test.context.SpringBootTestContextBootstrapper=true}', contextCustomizers = set[org.springframework.boot.test.autoconfigure.properties.PropertyMappingContextCustomizer@4b3fa0b3, org.springframework.boot.test.autoconfigure.web.servlet.WebDriverContextCustomizerFactory$Customizer@2e07223b, [ImportsContextCustomizer@344868c key = [org.springframework.boot.test.autoconfigure.web.servlet.MockMvcAutoConfiguration, org.springframework.boot.test.autoconfigure.web.servlet.MockMvcWebClientAutoConfiguration, org.springframework.boot.test.autoconfigure.web.servlet.MockMvcWebDriverAutoConfiguration, org.springframework.boot.autoconfigure.security.servlet.SecurityAutoConfiguration, org.springframework.boot.autoconfigure.security.servlet.UserDetailsServiceAutoConfiguration, org.springframework.boot.test.autoconfigure.web.servlet.MockMvcSecurityConfiguration]], org.springframework.boot.test.context.filter.ExcludeFilterContextCustomizer@1eb0ac64, org.springframework.boot.test.json.DuplicateJsonObjectContextCustomizerFactory$DuplicateJsonObjectContextCustomizer@56fb3fc, org.springframework.boot.test.mock.mockito.MockitoContextCustomizer@0, org.springframework.boot.test.web.client.TestRestTemplateContextCustomizer@8d4f4bb], resourceBasePath = 'src/main/webapp', contextLoader = 'org.springframework.boot.test.context.SpringBootContextLoader', parent = [null]], attributes = map['org.springframework.test.context.web.ServletTestExecutionListener.activateListener' -> true, 'org.springframework.test.context.web.ServletTestExecutionListener.populatedRequestContextHolder' -> true, 'org.springframework.test.context.web.ServletTestExecutionListener.resetRequestContextHolder' -> true]]
2019-12-10 10:07:27.888  INFO 19084 --- [    Test worker] o.s.t.c.transaction.TransactionContext   : Began transaction (1) for test context [DefaultTestContext@659e98e4 testClass = ControladorUsuarioTest, testInstance = com.ceiba.hotelmanager.infraestructura.controlador.ControladorUsuarioTest@42fdecc4, testMethod = crearUsuario@ControladorUsuarioTest, testException = [null], mergedContextConfiguration = [WebMergedContextConfiguration@1575cadc testClass = ControladorUsuarioTest, locations = '{}', classes = '{class com.ceiba.hotelmanager.HotelmanagerApplication, class com.ceiba.hotelmanager.HotelmanagerApplication}', contextInitializerClasses = '[]', activeProfiles = '{}', propertySourceLocations = '{}', propertySourceProperties = '{org.springframework.boot.test.context.SpringBootTestContextBootstrapper=true}', contextCustomizers = set[org.springframework.boot.test.autoconfigure.properties.PropertyMappingContextCustomizer@4b3fa0b3, org.springframework.boot.test.autoconfigure.web.servlet.WebDriverContextCustomizerFactory$Customizer@2e07223b, [ImportsContextCustomizer@344868c key = [org.springframework.boot.test.autoconfigure.web.servlet.MockMvcAutoConfiguration, org.springframework.boot.test.autoconfigure.web.servlet.MockMvcWebClientAutoConfiguration, org.springframework.boot.test.autoconfigure.web.servlet.MockMvcWebDriverAutoConfiguration, org.springframework.boot.autoconfigure.security.servlet.SecurityAutoConfiguration, org.springframework.boot.autoconfigure.security.servlet.UserDetailsServiceAutoConfiguration, org.springframework.boot.test.autoconfigure.web.servlet.MockMvcSecurityConfiguration]], org.springframework.boot.test.context.filter.ExcludeFilterContextCustomizer@1eb0ac64, org.springframework.boot.test.json.DuplicateJsonObjectContextCustomizerFactory$DuplicateJsonObjectContextCustomizer@56fb3fc, org.springframework.boot.test.mock.mockito.MockitoContextCustomizer@0, org.springframework.boot.test.web.client.TestRestTemplateContextCustomizer@8d4f4bb], resourceBasePath = 'src/main/webapp', contextLoader = 'org.springframework.boot.test.context.SpringBootContextLoader', parent = [null]], attributes = map['org.springframework.test.context.web.ServletTestExecutionListener.activateListener' -> true, 'org.springframework.test.context.web.ServletTestExecutionListener.populatedRequestContextHolder' -> true, 'org.springframework.test.context.web.ServletTestExecutionListener.resetRequestContextHolder' -> true]]; transaction manager [org.springframework.orm.jpa.JpaTransactionManager@297ace69]; rollback [true]

MockHttpServletRequest:
      HTTP Method = POST
      Request URI = /usuario
       Parameters = {}
          Headers = [Content-Type:"application/json;charset=UTF-8", Accept:"application/json"]
             Body = {"idUsuario":1,"cedulaCiudadania":1036960221,"primerNombre":"Juan","segundoNombre":"Sebastian","primerApellido":"Agudelo","segundoApellido":"Mejia","numeroCelular":"3144568565"}
    Session Attrs = {}

Handler:
             Type = com.ceiba.hotelmanager.infraestructura.controlador.ControladorUsuario
           Method = com.ceiba.hotelmanager.infraestructura.controlador.ControladorUsuario#guardarUsuario(ComandoUsuario)

Async:
    Async started = false
     Async result = null

Resolved Exception:
             Type = null

ModelAndView:
        View name = null
             View = null
            Model = null

FlashMap:
       Attributes = null

MockHttpServletResponse:
           Status = 200
    Error message = null
          Headers = []
     Content type = null
             Body = 
    Forwarded URL = null
   Redirected URL = null
          Cookies = []
2019-12-10 10:07:27.924  INFO 19084 --- [    Test worker] o.s.t.c.transaction.TransactionContext   : Rolled back transaction for test: [DefaultTestContext@659e98e4 testClass = ControladorUsuarioTest, testInstance = com.ceiba.hotelmanager.infraestructura.controlador.ControladorUsuarioTest@42fdecc4, testMethod = crearUsuario@ControladorUsuarioTest, testException = [null], mergedContextConfiguration = [WebMergedContextConfiguration@1575cadc testClass = ControladorUsuarioTest, locations = '{}', classes = '{class com.ceiba.hotelmanager.HotelmanagerApplication, class com.ceiba.hotelmanager.HotelmanagerApplication}', contextInitializerClasses = '[]', activeProfiles = '{}', propertySourceLocations = '{}', propertySourceProperties = '{org.springframework.boot.test.context.SpringBootTestContextBootstrapper=true}', contextCustomizers = set[org.springframework.boot.test.autoconfigure.properties.PropertyMappingContextCustomizer@4b3fa0b3, org.springframework.boot.test.autoconfigure.web.servlet.WebDriverContextCustomizerFactory$Customizer@2e07223b, [ImportsContextCustomizer@344868c key = [org.springframework.boot.test.autoconfigure.web.servlet.MockMvcAutoConfiguration, org.springframework.boot.test.autoconfigure.web.servlet.MockMvcWebClientAutoConfiguration, org.springframework.boot.test.autoconfigure.web.servlet.MockMvcWebDriverAutoConfiguration, org.springframework.boot.autoconfigure.security.servlet.SecurityAutoConfiguration, org.springframework.boot.autoconfigure.security.servlet.UserDetailsServiceAutoConfiguration, org.springframework.boot.test.autoconfigure.web.servlet.MockMvcSecurityConfiguration]], org.springframework.boot.test.context.filter.ExcludeFilterContextCustomizer@1eb0ac64, org.springframework.boot.test.json.DuplicateJsonObjectContextCustomizerFactory$DuplicateJsonObjectContextCustomizer@56fb3fc, org.springframework.boot.test.mock.mockito.MockitoContextCustomizer@0, org.springframework.boot.test.web.client.TestRestTemplateContextCustomizer@8d4f4bb], resourceBasePath = 'src/main/webapp', contextLoader = 'org.springframework.boot.test.context.SpringBootContextLoader', parent = [null]], attributes = map['org.springframework.test.context.web.ServletTestExecutionListener.activateListener' -> true, 'org.springframework.test.context.web.ServletTestExecutionListener.populatedRequestContextHolder' -> true, 'org.springframework.test.context.web.ServletTestExecutionListener.resetRequestContextHolder' -> true]]
2019-12-10 10:07:27.930  INFO 19084 --- [    Test worker] o.s.t.c.transaction.TransactionContext   : Began transaction (1) for test context [DefaultTestContext@659e98e4 testClass = ControladorUsuarioTest, testInstance = com.ceiba.hotelmanager.infraestructura.controlador.ControladorUsuarioTest@47ac2d6f, testMethod = eliminarUsuarioTest@ControladorUsuarioTest, testException = [null], mergedContextConfiguration = [WebMergedContextConfiguration@1575cadc testClass = ControladorUsuarioTest, locations = '{}', classes = '{class com.ceiba.hotelmanager.HotelmanagerApplication, class com.ceiba.hotelmanager.HotelmanagerApplication}', contextInitializerClasses = '[]', activeProfiles = '{}', propertySourceLocations = '{}', propertySourceProperties = '{org.springframework.boot.test.context.SpringBootTestContextBootstrapper=true}', contextCustomizers = set[org.springframework.boot.test.autoconfigure.properties.PropertyMappingContextCustomizer@4b3fa0b3, org.springframework.boot.test.autoconfigure.web.servlet.WebDriverContextCustomizerFactory$Customizer@2e07223b, [ImportsContextCustomizer@344868c key = [org.springframework.boot.test.autoconfigure.web.servlet.MockMvcAutoConfiguration, org.springframework.boot.test.autoconfigure.web.servlet.MockMvcWebClientAutoConfiguration, org.springframework.boot.test.autoconfigure.web.servlet.MockMvcWebDriverAutoConfiguration, org.springframework.boot.autoconfigure.security.servlet.SecurityAutoConfiguration, org.springframework.boot.autoconfigure.security.servlet.UserDetailsServiceAutoConfiguration, org.springframework.boot.test.autoconfigure.web.servlet.MockMvcSecurityConfiguration]], org.springframework.boot.test.context.filter.ExcludeFilterContextCustomizer@1eb0ac64, org.springframework.boot.test.json.DuplicateJsonObjectContextCustomizerFactory$DuplicateJsonObjectContextCustomizer@56fb3fc, org.springframework.boot.test.mock.mockito.MockitoContextCustomizer@0, org.springframework.boot.test.web.client.TestRestTemplateContextCustomizer@8d4f4bb], resourceBasePath = 'src/main/webapp', contextLoader = 'org.springframework.boot.test.context.SpringBootContextLoader', parent = [null]], attributes = map['org.springframework.test.context.web.ServletTestExecutionListener.activateListener' -> true, 'org.springframework.test.context.web.ServletTestExecutionListener.populatedRequestContextHolder' -> true, 'org.springframework.test.context.web.ServletTestExecutionListener.resetRequestContextHolder' -> true]]; transaction manager [org.springframework.orm.jpa.JpaTransactionManager@297ace69]; rollback [true]

MockHttpServletRequest:
      HTTP Method = DELETE
      Request URI = /usuario/1036960221
       Parameters = {}
          Headers = [Content-Type:"application/json;charset=UTF-8"]
             Body = {"idUsuario":1,"cedulaCiudadania":1036960221,"primerNombre":"Juan","segundoNombre":"Sebastian","primerApellido":"Agudelo","segundoApellido":"Mejia","numeroCelular":"3144568565"}
    Session Attrs = {}

Handler:
             Type = com.ceiba.hotelmanager.infraestructura.controlador.ControladorUsuario
           Method = com.ceiba.hotelmanager.infraestructura.controlador.ControladorUsuario#elimiarUsuario(Long)

Async:
    Async started = false
     Async result = null

Resolved Exception:
             Type = null

ModelAndView:
        View name = null
             View = null
            Model = null

FlashMap:
       Attributes = null

MockHttpServletResponse:
           Status = 200
    Error message = null
          Headers = []
     Content type = null
             Body = 
    Forwarded URL = null
   Redirected URL = null
          Cookies = []
2019-12-10 10:07:28.005  INFO 19084 --- [    Test worker] o.s.t.c.transaction.TransactionContext   : Rolled back transaction for test: [DefaultTestContext@659e98e4 testClass = ControladorUsuarioTest, testInstance = com.ceiba.hotelmanager.infraestructura.controlador.ControladorUsuarioTest@47ac2d6f, testMethod = eliminarUsuarioTest@ControladorUsuarioTest, testException = [null], mergedContextConfiguration = [WebMergedContextConfiguration@1575cadc testClass = ControladorUsuarioTest, locations = '{}', classes = '{class com.ceiba.hotelmanager.HotelmanagerApplication, class com.ceiba.hotelmanager.HotelmanagerApplication}', contextInitializerClasses = '[]', activeProfiles = '{}', propertySourceLocations = '{}', propertySourceProperties = '{org.springframework.boot.test.context.SpringBootTestContextBootstrapper=true}', contextCustomizers = set[org.springframework.boot.test.autoconfigure.properties.PropertyMappingContextCustomizer@4b3fa0b3, org.springframework.boot.test.autoconfigure.web.servlet.WebDriverContextCustomizerFactory$Customizer@2e07223b, [ImportsContextCustomizer@344868c key = [org.springframework.boot.test.autoconfigure.web.servlet.MockMvcAutoConfiguration, org.springframework.boot.test.autoconfigure.web.servlet.MockMvcWebClientAutoConfiguration, org.springframework.boot.test.autoconfigure.web.servlet.MockMvcWebDriverAutoConfiguration, org.springframework.boot.autoconfigure.security.servlet.SecurityAutoConfiguration, org.springframework.boot.autoconfigure.security.servlet.UserDetailsServiceAutoConfiguration, org.springframework.boot.test.autoconfigure.web.servlet.MockMvcSecurityConfiguration]], org.springframework.boot.test.context.filter.ExcludeFilterContextCustomizer@1eb0ac64, org.springframework.boot.test.json.DuplicateJsonObjectContextCustomizerFactory$DuplicateJsonObjectContextCustomizer@56fb3fc, org.springframework.boot.test.mock.mockito.MockitoContextCustomizer@0, org.springframework.boot.test.web.client.TestRestTemplateContextCustomizer@8d4f4bb], resourceBasePath = 'src/main/webapp', contextLoader = 'org.springframework.boot.test.context.SpringBootContextLoader', parent = [null]], attributes = map['org.springframework.test.context.web.ServletTestExecutionListener.activateListener' -> true, 'org.springframework.test.context.web.ServletTestExecutionListener.populatedRequestContextHolder' -> true, 'org.springframework.test.context.web.ServletTestExecutionListener.resetRequestContextHolder' -> true]]
]]></system-out>
  <system-err><![CDATA[]]></system-err>
</testsuite>
