<?xml version="1.0" encoding="UTF-8"?>
<testsuite name="com.ceiba.hotelmanager.infraestructura.controlador.ControladorReservaTest" tests="2" skipped="0" failures="0" errors="0" timestamp="2019-12-02T12:29:18" hostname="SEBASTIAN-AGUDELO" time="0.944">
  <properties/>
  <testcase name="listarReservasTest()" classname="com.ceiba.hotelmanager.infraestructura.controlador.ControladorReservaTest" time="0.641"/>
  <testcase name="crearReserva()" classname="com.ceiba.hotelmanager.infraestructura.controlador.ControladorReservaTest" time="0.301"/>
  <system-out><![CDATA[07:29:06.356 [Test worker] DEBUG org.springframework.test.context.BootstrapUtils - Instantiating CacheAwareContextLoaderDelegate from class [org.springframework.test.context.cache.DefaultCacheAwareContextLoaderDelegate]
07:29:06.440 [Test worker] DEBUG org.springframework.test.context.BootstrapUtils - Instantiating BootstrapContext using constructor [public org.springframework.test.context.support.DefaultBootstrapContext(java.lang.Class,org.springframework.test.context.CacheAwareContextLoaderDelegate)]
07:29:06.504 [Test worker] DEBUG org.springframework.test.context.BootstrapUtils - Instantiating TestContextBootstrapper for test class [com.ceiba.hotelmanager.infraestructura.controlador.ControladorReservaTest] from class [org.springframework.boot.test.context.SpringBootTestContextBootstrapper]
07:29:06.544 [Test worker] INFO org.springframework.boot.test.context.SpringBootTestContextBootstrapper - Neither @ContextConfiguration nor @ContextHierarchy found for test class [com.ceiba.hotelmanager.infraestructura.controlador.ControladorReservaTest], using SpringBootContextLoader
07:29:06.552 [Test worker] DEBUG org.springframework.test.context.support.AbstractContextLoader - Did not detect default resource location for test class [com.ceiba.hotelmanager.infraestructura.controlador.ControladorReservaTest]: class path resource [com/ceiba/hotelmanager/infraestructura/controlador/ControladorReservaTest-context.xml] does not exist
07:29:06.552 [Test worker] DEBUG org.springframework.test.context.support.AbstractContextLoader - Did not detect default resource location for test class [com.ceiba.hotelmanager.infraestructura.controlador.ControladorReservaTest]: class path resource [com/ceiba/hotelmanager/infraestructura/controlador/ControladorReservaTestContext.groovy] does not exist
07:29:06.552 [Test worker] INFO org.springframework.test.context.support.AbstractContextLoader - Could not detect default resource locations for test class [com.ceiba.hotelmanager.infraestructura.controlador.ControladorReservaTest]: no resource found for suffixes {-context.xml, Context.groovy}.
07:29:06.645 [Test worker] DEBUG org.springframework.test.context.support.ActiveProfilesUtils - Could not find an 'annotation declaring class' for annotation type [org.springframework.test.context.ActiveProfiles] and class [com.ceiba.hotelmanager.infraestructura.controlador.ControladorReservaTest]
07:29:06.888 [Test worker] DEBUG org.springframework.boot.test.context.SpringBootTestContextBootstrapper - @TestExecutionListeners is not present for class [com.ceiba.hotelmanager.infraestructura.controlador.ControladorReservaTest]: using defaults.
07:29:06.888 [Test worker] INFO org.springframework.boot.test.context.SpringBootTestContextBootstrapper - Loaded default TestExecutionListener class names from location [META-INF/spring.factories]: [org.springframework.boot.test.autoconfigure.restdocs.RestDocsTestExecutionListener, org.springframework.boot.test.autoconfigure.web.client.MockRestServiceServerResetTestExecutionListener, org.springframework.boot.test.autoconfigure.web.servlet.MockMvcPrintOnlyOnFailureTestExecutionListener, org.springframework.boot.test.autoconfigure.web.servlet.WebDriverTestExecutionListener, org.springframework.boot.test.mock.mockito.MockitoTestExecutionListener, org.springframework.boot.test.mock.mockito.ResetMocksTestExecutionListener, org.springframework.test.context.web.ServletTestExecutionListener, org.springframework.test.context.support.DirtiesContextBeforeModesTestExecutionListener, org.springframework.test.context.support.DependencyInjectionTestExecutionListener, org.springframework.test.context.support.DirtiesContextTestExecutionListener, org.springframework.test.context.transaction.TransactionalTestExecutionListener, org.springframework.test.context.jdbc.SqlScriptsTestExecutionListener, org.springframework.test.context.event.EventPublishingTestExecutionListener]
07:29:06.932 [Test worker] INFO org.springframework.boot.test.context.SpringBootTestContextBootstrapper - Using TestExecutionListeners: [org.springframework.test.context.web.ServletTestExecutionListener@3b6e62c6, org.springframework.test.context.support.DirtiesContextBeforeModesTestExecutionListener@34599971, org.springframework.boot.test.mock.mockito.MockitoTestExecutionListener@23898351, org.springframework.boot.test.autoconfigure.SpringBootDependencyInjectionTestExecutionListener@4b6122b4, org.springframework.test.context.support.DirtiesContextTestExecutionListener@3d1014c, org.springframework.test.context.transaction.TransactionalTestExecutionListener@7b3b9256, org.springframework.test.context.jdbc.SqlScriptsTestExecutionListener@1447156b, org.springframework.test.context.event.EventPublishingTestExecutionListener@5671e1d5, org.springframework.boot.test.autoconfigure.restdocs.RestDocsTestExecutionListener@5da15136, org.springframework.boot.test.autoconfigure.web.client.MockRestServiceServerResetTestExecutionListener@7a2fd1f6, org.springframework.boot.test.autoconfigure.web.servlet.MockMvcPrintOnlyOnFailureTestExecutionListener@56ef7f95, org.springframework.boot.test.autoconfigure.web.servlet.WebDriverTestExecutionListener@f4943d4, org.springframework.boot.test.mock.mockito.ResetMocksTestExecutionListener@58369bea]
07:29:06.944 [Test worker] DEBUG org.springframework.test.context.support.AbstractDirtiesContextTestExecutionListener - Before test class: context [DefaultTestContext@6fffaaf2 testClass = ControladorReservaTest, testInstance = [null], testMethod = [null], testException = [null], mergedContextConfiguration = [WebMergedContextConfiguration@1737418b testClass = ControladorReservaTest, locations = '{}', classes = '{class com.ceiba.hotelmanager.HotelmanagerApplication, class com.ceiba.hotelmanager.HotelmanagerApplication}', contextInitializerClasses = '[]', activeProfiles = '{}', propertySourceLocations = '{}', propertySourceProperties = '{org.springframework.boot.test.context.SpringBootTestContextBootstrapper=true}', contextCustomizers = set[org.springframework.boot.test.autoconfigure.properties.PropertyMappingContextCustomizer@4b3fa0b3, org.springframework.boot.test.autoconfigure.web.servlet.WebDriverContextCustomizerFactory$Customizer@27ab9317, [ImportsContextCustomizer@e546134 key = [org.springframework.boot.test.autoconfigure.web.servlet.MockMvcAutoConfiguration, org.springframework.boot.test.autoconfigure.web.servlet.MockMvcWebClientAutoConfiguration, org.springframework.boot.test.autoconfigure.web.servlet.MockMvcWebDriverAutoConfiguration, org.springframework.boot.autoconfigure.security.servlet.SecurityAutoConfiguration, org.springframework.boot.autoconfigure.security.servlet.UserDetailsServiceAutoConfiguration, org.springframework.boot.test.autoconfigure.web.servlet.MockMvcSecurityConfiguration]], org.springframework.boot.test.context.filter.ExcludeFilterContextCustomizer@457d5175, org.springframework.boot.test.json.DuplicateJsonObjectContextCustomizerFactory$DuplicateJsonObjectContextCustomizer@10882482, org.springframework.boot.test.mock.mockito.MockitoContextCustomizer@0, org.springframework.boot.test.web.client.TestRestTemplateContextCustomizer@592fdb08], resourceBasePath = 'src/main/webapp', contextLoader = 'org.springframework.boot.test.context.SpringBootContextLoader', parent = [null]], attributes = map['org.springframework.test.context.web.ServletTestExecutionListener.activateListener' -> true]], class annotated with @DirtiesContext [false] with mode [null].
07:29:07.008 [Test worker] DEBUG org.springframework.test.context.support.TestPropertySourceUtils - Adding inlined properties to environment: {spring.jmx.enabled=false, org.springframework.boot.test.context.SpringBootTestContextBootstrapper=true, server.port=-1}

  .   ____          _            __ _ _
 /\\ / ___'_ __ _ _(_)_ __  __ _ \ \ \ \
( ( )\___ | '_ | '_| | '_ \/ _` | \ \ \ \
 \\/  ___)| |_)| | | | | || (_| |  ) ) ) )
  '  |____| .__|_| |_|_| |_\__, | / / / /
 =========|_|==============|___/=/_/_/_/
 :: Spring Boot ::        (v2.2.0.RELEASE)

2019-12-02 07:29:07.892  INFO 13320 --- [    Test worker] c.c.h.i.c.ControladorReservaTest         : Starting ControladorReservaTest on SEBASTIAN-AGUDELO with PID 13320 (started by sebastian.agudelo in C:\Users\sebastian.agudelo\Desktop\Proyectos\ManagerHotelApp\hotel-service)
2019-12-02 07:29:07.896  INFO 13320 --- [    Test worker] c.c.h.i.c.ControladorReservaTest         : No active profile set, falling back to default profiles: default
2019-12-02 07:29:09.898  INFO 13320 --- [    Test worker] .s.d.r.c.RepositoryConfigurationDelegate : Bootstrapping Spring Data repositories in DEFAULT mode.
2019-12-02 07:29:10.176  INFO 13320 --- [    Test worker] .s.d.r.c.RepositoryConfigurationDelegate : Finished Spring Data repository scanning in 248ms. Found 3 repository interfaces.
2019-12-02 07:29:11.124  INFO 13320 --- [    Test worker] trationDelegate$BeanPostProcessorChecker : Bean 'org.springframework.transaction.annotation.ProxyTransactionManagementConfiguration' of type [org.springframework.transaction.annotation.ProxyTransactionManagementConfiguration] is not eligible for getting processed by all BeanPostProcessors (for example: not eligible for auto-proxying)
2019-12-02 07:29:11.591  INFO 13320 --- [    Test worker] com.zaxxer.hikari.HikariDataSource       : HikariPool-1 - Starting...
2019-12-02 07:29:12.210  INFO 13320 --- [    Test worker] com.zaxxer.hikari.HikariDataSource       : HikariPool-1 - Start completed.
2019-12-02 07:29:12.436  INFO 13320 --- [    Test worker] o.hibernate.jpa.internal.util.LogHelper  : HHH000204: Processing PersistenceUnitInfo [name: default]
2019-12-02 07:29:12.684  INFO 13320 --- [    Test worker] org.hibernate.Version                    : HHH000412: Hibernate Core {5.4.6.Final}
2019-12-02 07:29:12.801  INFO 13320 --- [    Test worker] o.hibernate.annotations.common.Version   : HCANN000001: Hibernate Commons Annotations {5.1.0.Final}
2019-12-02 07:29:13.162  INFO 13320 --- [    Test worker] org.hibernate.dialect.Dialect            : HHH000400: Using dialect: org.hibernate.dialect.H2Dialect
2019-12-02 07:29:14.707  INFO 13320 --- [    Test worker] o.h.e.t.j.p.i.JtaPlatformInitiator       : HHH000490: Using JtaPlatform implementation: [org.hibernate.engine.transaction.jta.platform.internal.NoJtaPlatform]
2019-12-02 07:29:14.719  INFO 13320 --- [    Test worker] j.LocalContainerEntityManagerFactoryBean : Initialized JPA EntityManagerFactory for persistence unit 'default'
2019-12-02 07:29:17.092  WARN 13320 --- [    Test worker] JpaBaseConfiguration$JpaWebConfiguration : spring.jpa.open-in-view is enabled by default. Therefore, database queries may be performed during view rendering. Explicitly configure spring.jpa.open-in-view to disable this warning
2019-12-02 07:29:17.773  INFO 13320 --- [    Test worker] o.s.s.concurrent.ThreadPoolTaskExecutor  : Initializing ExecutorService 'applicationTaskExecutor'
2019-12-02 07:29:18.794  INFO 13320 --- [    Test worker] o.s.b.t.m.w.SpringBootMockServletContext : Initializing Spring TestDispatcherServlet ''
2019-12-02 07:29:18.794  INFO 13320 --- [    Test worker] o.s.t.web.servlet.TestDispatcherServlet  : Initializing Servlet ''
2019-12-02 07:29:18.824  INFO 13320 --- [    Test worker] o.s.t.web.servlet.TestDispatcherServlet  : Completed initialization in 30 ms
2019-12-02 07:29:18.862  INFO 13320 --- [    Test worker] c.c.h.i.c.ControladorReservaTest         : Started ControladorReservaTest in 11.824 seconds (JVM running for 17.772)
2019-12-02 07:29:18.970  INFO 13320 --- [    Test worker] o.s.t.c.transaction.TransactionContext   : Began transaction (1) for test context [DefaultTestContext@6fffaaf2 testClass = ControladorReservaTest, testInstance = com.ceiba.hotelmanager.infraestructura.controlador.ControladorReservaTest@593c17f, testMethod = listarReservasTest@ControladorReservaTest, testException = [null], mergedContextConfiguration = [WebMergedContextConfiguration@1737418b testClass = ControladorReservaTest, locations = '{}', classes = '{class com.ceiba.hotelmanager.HotelmanagerApplication, class com.ceiba.hotelmanager.HotelmanagerApplication}', contextInitializerClasses = '[]', activeProfiles = '{}', propertySourceLocations = '{}', propertySourceProperties = '{org.springframework.boot.test.context.SpringBootTestContextBootstrapper=true}', contextCustomizers = set[org.springframework.boot.test.autoconfigure.properties.PropertyMappingContextCustomizer@4b3fa0b3, org.springframework.boot.test.autoconfigure.web.servlet.WebDriverContextCustomizerFactory$Customizer@27ab9317, [ImportsContextCustomizer@e546134 key = [org.springframework.boot.test.autoconfigure.web.servlet.MockMvcAutoConfiguration, org.springframework.boot.test.autoconfigure.web.servlet.MockMvcWebClientAutoConfiguration, org.springframework.boot.test.autoconfigure.web.servlet.MockMvcWebDriverAutoConfiguration, org.springframework.boot.autoconfigure.security.servlet.SecurityAutoConfiguration, org.springframework.boot.autoconfigure.security.servlet.UserDetailsServiceAutoConfiguration, org.springframework.boot.test.autoconfigure.web.servlet.MockMvcSecurityConfiguration]], org.springframework.boot.test.context.filter.ExcludeFilterContextCustomizer@457d5175, org.springframework.boot.test.json.DuplicateJsonObjectContextCustomizerFactory$DuplicateJsonObjectContextCustomizer@10882482, org.springframework.boot.test.mock.mockito.MockitoContextCustomizer@0, org.springframework.boot.test.web.client.TestRestTemplateContextCustomizer@592fdb08], resourceBasePath = 'src/main/webapp', contextLoader = 'org.springframework.boot.test.context.SpringBootContextLoader', parent = [null]], attributes = map['org.springframework.test.context.web.ServletTestExecutionListener.activateListener' -> true, 'org.springframework.test.context.web.ServletTestExecutionListener.populatedRequestContextHolder' -> true, 'org.springframework.test.context.web.ServletTestExecutionListener.resetRequestContextHolder' -> true]]; transaction manager [org.springframework.orm.jpa.JpaTransactionManager@7871e8cd]; rollback [true]

MockHttpServletRequest:
      HTTP Method = GET
      Request URI = /reserva
       Parameters = {}
          Headers = [Content-Type:"application/json;charset=UTF-8"]
             Body = [{"idReserva":1,"numeroCedula":1036960221,"usuario":{"idUsuario":1,"cedulaCiudadania":1036960221,"primerNombre":"Juan","segundoNombre":"Sebastian","primerApellido":"Agudelo","segundoApellido":"Mejia","numeroCelular":"3144568565"},"numeroHabitacion":"201","cantidadPersonas":2,"fechaIngreso":"2019-05-15","fechaSalida":"2019-05-20","factura":{"fechaRegistro":"2019-12-02","valorPagar":37200}},{"idReserva":2,"numeroCedula":1036960222,"usuario":{"idUsuario":1,"cedulaCiudadania":1036960221,"primerNombre":"Juan","segundoNombre":"Sebastian","primerApellido":"Agudelo","segundoApellido":"Mejia","numeroCelular":"3144568565"},"numeroHabitacion":"202","cantidadPersonas":2,"fechaIngreso":"2019-05-15","fechaSalida":"2019-05-20","factura":{"fechaRegistro":"2019-12-02","valorPagar":37200}}]
    Session Attrs = {}

Handler:
             Type = com.ceiba.hotelmanager.infraestructura.controlador.ControladorReserva
           Method = com.ceiba.hotelmanager.infraestructura.controlador.ControladorReserva#listarReserva()

Async:
    Async started = false
     Async result = null

Resolved Exception:
             Type = null

ModelAndView:
        View name = null
             View = null
            Model = null

FlashMap:
       Attributes = null

MockHttpServletResponse:
           Status = 200
    Error message = null
          Headers = [Vary:"Origin", "Access-Control-Request-Method", "Access-Control-Request-Headers", Content-Type:"application/json"]
     Content type = application/json
             Body = []
    Forwarded URL = null
   Redirected URL = null
          Cookies = []
2019-12-02 07:29:19.571  INFO 13320 --- [    Test worker] o.s.t.c.transaction.TransactionContext   : Rolled back transaction for test: [DefaultTestContext@6fffaaf2 testClass = ControladorReservaTest, testInstance = com.ceiba.hotelmanager.infraestructura.controlador.ControladorReservaTest@593c17f, testMethod = listarReservasTest@ControladorReservaTest, testException = [null], mergedContextConfiguration = [WebMergedContextConfiguration@1737418b testClass = ControladorReservaTest, locations = '{}', classes = '{class com.ceiba.hotelmanager.HotelmanagerApplication, class com.ceiba.hotelmanager.HotelmanagerApplication}', contextInitializerClasses = '[]', activeProfiles = '{}', propertySourceLocations = '{}', propertySourceProperties = '{org.springframework.boot.test.context.SpringBootTestContextBootstrapper=true}', contextCustomizers = set[org.springframework.boot.test.autoconfigure.properties.PropertyMappingContextCustomizer@4b3fa0b3, org.springframework.boot.test.autoconfigure.web.servlet.WebDriverContextCustomizerFactory$Customizer@27ab9317, [ImportsContextCustomizer@e546134 key = [org.springframework.boot.test.autoconfigure.web.servlet.MockMvcAutoConfiguration, org.springframework.boot.test.autoconfigure.web.servlet.MockMvcWebClientAutoConfiguration, org.springframework.boot.test.autoconfigure.web.servlet.MockMvcWebDriverAutoConfiguration, org.springframework.boot.autoconfigure.security.servlet.SecurityAutoConfiguration, org.springframework.boot.autoconfigure.security.servlet.UserDetailsServiceAutoConfiguration, org.springframework.boot.test.autoconfigure.web.servlet.MockMvcSecurityConfiguration]], org.springframework.boot.test.context.filter.ExcludeFilterContextCustomizer@457d5175, org.springframework.boot.test.json.DuplicateJsonObjectContextCustomizerFactory$DuplicateJsonObjectContextCustomizer@10882482, org.springframework.boot.test.mock.mockito.MockitoContextCustomizer@0, org.springframework.boot.test.web.client.TestRestTemplateContextCustomizer@592fdb08], resourceBasePath = 'src/main/webapp', contextLoader = 'org.springframework.boot.test.context.SpringBootContextLoader', parent = [null]], attributes = map['org.springframework.test.context.web.ServletTestExecutionListener.activateListener' -> true, 'org.springframework.test.context.web.ServletTestExecutionListener.populatedRequestContextHolder' -> true, 'org.springframework.test.context.web.ServletTestExecutionListener.resetRequestContextHolder' -> true]]
2019-12-02 07:29:19.579  INFO 13320 --- [    Test worker] o.s.t.c.transaction.TransactionContext   : Began transaction (1) for test context [DefaultTestContext@6fffaaf2 testClass = ControladorReservaTest, testInstance = com.ceiba.hotelmanager.infraestructura.controlador.ControladorReservaTest@2d8f42c8, testMethod = crearReserva@ControladorReservaTest, testException = [null], mergedContextConfiguration = [WebMergedContextConfiguration@1737418b testClass = ControladorReservaTest, locations = '{}', classes = '{class com.ceiba.hotelmanager.HotelmanagerApplication, class com.ceiba.hotelmanager.HotelmanagerApplication}', contextInitializerClasses = '[]', activeProfiles = '{}', propertySourceLocations = '{}', propertySourceProperties = '{org.springframework.boot.test.context.SpringBootTestContextBootstrapper=true}', contextCustomizers = set[org.springframework.boot.test.autoconfigure.properties.PropertyMappingContextCustomizer@4b3fa0b3, org.springframework.boot.test.autoconfigure.web.servlet.WebDriverContextCustomizerFactory$Customizer@27ab9317, [ImportsContextCustomizer@e546134 key = [org.springframework.boot.test.autoconfigure.web.servlet.MockMvcAutoConfiguration, org.springframework.boot.test.autoconfigure.web.servlet.MockMvcWebClientAutoConfiguration, org.springframework.boot.test.autoconfigure.web.servlet.MockMvcWebDriverAutoConfiguration, org.springframework.boot.autoconfigure.security.servlet.SecurityAutoConfiguration, org.springframework.boot.autoconfigure.security.servlet.UserDetailsServiceAutoConfiguration, org.springframework.boot.test.autoconfigure.web.servlet.MockMvcSecurityConfiguration]], org.springframework.boot.test.context.filter.ExcludeFilterContextCustomizer@457d5175, org.springframework.boot.test.json.DuplicateJsonObjectContextCustomizerFactory$DuplicateJsonObjectContextCustomizer@10882482, org.springframework.boot.test.mock.mockito.MockitoContextCustomizer@0, org.springframework.boot.test.web.client.TestRestTemplateContextCustomizer@592fdb08], resourceBasePath = 'src/main/webapp', contextLoader = 'org.springframework.boot.test.context.SpringBootContextLoader', parent = [null]], attributes = map['org.springframework.test.context.web.ServletTestExecutionListener.activateListener' -> true, 'org.springframework.test.context.web.ServletTestExecutionListener.populatedRequestContextHolder' -> true, 'org.springframework.test.context.web.ServletTestExecutionListener.resetRequestContextHolder' -> true]]; transaction manager [org.springframework.orm.jpa.JpaTransactionManager@7871e8cd]; rollback [true]

MockHttpServletRequest:
      HTTP Method = POST
      Request URI = /reserva
       Parameters = {}
          Headers = [Content-Type:"application/json;charset=UTF-8", Accept:"application/json"]
             Body = {"idReserva":1,"numeroCedula":1036960221,"usuario":{"idUsuario":1,"cedulaCiudadania":1036960221,"primerNombre":"Juan","segundoNombre":"Sebastian","primerApellido":"Agudelo","segundoApellido":"Mejia","numeroCelular":"3144568565"},"numeroHabitacion":"201","cantidadPersonas":2,"fechaIngreso":"2019-05-15","fechaSalida":"2019-05-20","factura":{"fechaRegistro":null,"valorPagar":0}}
    Session Attrs = {}

Handler:
             Type = com.ceiba.hotelmanager.infraestructura.controlador.ControladorReserva
           Method = com.ceiba.hotelmanager.infraestructura.controlador.ControladorReserva#guardarReserva(ComandoReserva)

Async:
    Async started = false
     Async result = null

Resolved Exception:
             Type = null

ModelAndView:
        View name = null
             View = null
            Model = null

FlashMap:
       Attributes = null

MockHttpServletResponse:
           Status = 200
    Error message = null
          Headers = [Vary:"Origin", "Access-Control-Request-Method", "Access-Control-Request-Headers"]
     Content type = null
             Body = 
    Forwarded URL = null
   Redirected URL = null
          Cookies = []
2019-12-02 07:29:19.875  INFO 13320 --- [    Test worker] o.s.t.c.transaction.TransactionContext   : Rolled back transaction for test: [DefaultTestContext@6fffaaf2 testClass = ControladorReservaTest, testInstance = com.ceiba.hotelmanager.infraestructura.controlador.ControladorReservaTest@2d8f42c8, testMethod = crearReserva@ControladorReservaTest, testException = [null], mergedContextConfiguration = [WebMergedContextConfiguration@1737418b testClass = ControladorReservaTest, locations = '{}', classes = '{class com.ceiba.hotelmanager.HotelmanagerApplication, class com.ceiba.hotelmanager.HotelmanagerApplication}', contextInitializerClasses = '[]', activeProfiles = '{}', propertySourceLocations = '{}', propertySourceProperties = '{org.springframework.boot.test.context.SpringBootTestContextBootstrapper=true}', contextCustomizers = set[org.springframework.boot.test.autoconfigure.properties.PropertyMappingContextCustomizer@4b3fa0b3, org.springframework.boot.test.autoconfigure.web.servlet.WebDriverContextCustomizerFactory$Customizer@27ab9317, [ImportsContextCustomizer@e546134 key = [org.springframework.boot.test.autoconfigure.web.servlet.MockMvcAutoConfiguration, org.springframework.boot.test.autoconfigure.web.servlet.MockMvcWebClientAutoConfiguration, org.springframework.boot.test.autoconfigure.web.servlet.MockMvcWebDriverAutoConfiguration, org.springframework.boot.autoconfigure.security.servlet.SecurityAutoConfiguration, org.springframework.boot.autoconfigure.security.servlet.UserDetailsServiceAutoConfiguration, org.springframework.boot.test.autoconfigure.web.servlet.MockMvcSecurityConfiguration]], org.springframework.boot.test.context.filter.ExcludeFilterContextCustomizer@457d5175, org.springframework.boot.test.json.DuplicateJsonObjectContextCustomizerFactory$DuplicateJsonObjectContextCustomizer@10882482, org.springframework.boot.test.mock.mockito.MockitoContextCustomizer@0, org.springframework.boot.test.web.client.TestRestTemplateContextCustomizer@592fdb08], resourceBasePath = 'src/main/webapp', contextLoader = 'org.springframework.boot.test.context.SpringBootContextLoader', parent = [null]], attributes = map['org.springframework.test.context.web.ServletTestExecutionListener.activateListener' -> true, 'org.springframework.test.context.web.ServletTestExecutionListener.populatedRequestContextHolder' -> true, 'org.springframework.test.context.web.ServletTestExecutionListener.resetRequestContextHolder' -> true]]
]]></system-out>
  <system-err><![CDATA[]]></system-err>
</testsuite>
