<?xml version="1.0" encoding="UTF-8"?>
<testsuite name="com.ceiba.hotelmanager.dominio.servicio.ServicioCalcularDescuentoHabitacionTest" tests="2" skipped="0" failures="0" errors="0" timestamp="2019-12-03T15:58:03" hostname="SEBASTIAN-AGUDELO" time="0.158">
  <properties/>
  <testcase name="calcularValorDeHabitacionSinDescuentoTest()" classname="com.ceiba.hotelmanager.dominio.servicio.ServicioCalcularDescuentoHabitacionTest" time="0.147"/>
  <testcase name="calcularValorDeHabitacionConDescuentoTest()" classname="com.ceiba.hotelmanager.dominio.servicio.ServicioCalcularDescuentoHabitacionTest" time="0.003"/>
  <system-out><![CDATA[]]></system-out>
  <system-err><![CDATA[]]></system-err>
</testsuite>
