<?xml version="1.0" encoding="UTF-8"?>
<testsuite name="com.ceiba.hotelmanager.dominio.servicio.ServicioCalcularDiasHospedadosTest" tests="2" skipped="0" failures="0" errors="0" timestamp="2019-12-03T15:58:04" hostname="SEBASTIAN-AGUDELO" time="0.006">
  <properties/>
  <testcase name="obtenerFechaActualTest()" classname="com.ceiba.hotelmanager.dominio.servicio.ServicioCalcularDiasHospedadosTest" time="0.003"/>
  <testcase name="calcularCorrectoDiasHospedadosTest()" classname="com.ceiba.hotelmanager.dominio.servicio.ServicioCalcularDiasHospedadosTest" time="0.002"/>
  <system-out><![CDATA[]]></system-out>
  <system-err><![CDATA[]]></system-err>
</testsuite>
