<?xml version="1.0" encoding="UTF-8"?>
<testsuite name="com.ceiba.hotelmanager.infraestructura.entidad.EntidadReservaTest" tests="1" skipped="0" failures="0" errors="0" timestamp="2019-12-03T19:37:56" hostname="SEBASTIAN-AGUDELO" time="0.002">
  <properties/>
  <testcase name="funcionamientoGetReservaEntidadTest()" classname="com.ceiba.hotelmanager.infraestructura.entidad.EntidadReservaTest" time="0.002"/>
  <system-out><![CDATA[]]></system-out>
  <system-err><![CDATA[]]></system-err>
</testsuite>
