<?xml version="1.0" encoding="UTF-8"?>
<testsuite name="com.ceiba.hotelmanager.dominio.servicio.ServicioCalcularDiasHospedadosTest" tests="2" skipped="0" failures="0" errors="0" timestamp="2019-11-27T13:17:32" hostname="SEBASTIAN-AGUDELO" time="0.001">
  <properties/>
  <testcase name="obtenerFechaActualTest()" classname="com.ceiba.hotelmanager.dominio.servicio.ServicioCalcularDiasHospedadosTest" time="0.0"/>
  <testcase name="calcularCorrectoDiasHospedadosTest()" classname="com.ceiba.hotelmanager.dominio.servicio.ServicioCalcularDiasHospedadosTest" time="0.0"/>
  <system-out><![CDATA[]]></system-out>
  <system-err><![CDATA[]]></system-err>
</testsuite>
