<?xml version="1.0" encoding="UTF-8"?>
<testsuite name="com.ceiba.hotelmanager.infraestructura.entidad.EntidadUsuarioTest" tests="1" skipped="0" failures="0" errors="0" timestamp="2019-12-11T17:08:29" hostname="SEBASTIAN-AGUDELO" time="0.001">
  <properties/>
  <testcase name="funcionamientoGetUsuarioEntidadTest()" classname="com.ceiba.hotelmanager.infraestructura.entidad.EntidadUsuarioTest" time="0.001"/>
  <system-out><![CDATA[]]></system-out>
  <system-err><![CDATA[]]></system-err>
</testsuite>
