<?xml version="1.0" encoding="UTF-8"?>
<testsuite name="com.ceiba.hotelmanager.dominio.servicio.ServicioCalcularDescuentoHabitacionTest" tests="2" skipped="0" failures="0" errors="0" timestamp="2019-11-27T13:17:32" hostname="SEBASTIAN-AGUDELO" time="0.068">
  <properties/>
  <testcase name="calcularValorDeHabitacionSinDescuentoTest()" classname="com.ceiba.hotelmanager.dominio.servicio.ServicioCalcularDescuentoHabitacionTest" time="0.067"/>
  <testcase name="calcularValorDeHabitacionConDescuentoTest()" classname="com.ceiba.hotelmanager.dominio.servicio.ServicioCalcularDescuentoHabitacionTest" time="0.001"/>
  <system-out><![CDATA[]]></system-out>
  <system-err><![CDATA[]]></system-err>
</testsuite>
