<?xml version="1.0" encoding="UTF-8"?>
<testsuite name="com.ceiba.hotelmanager.infraestructura.controlador.ControladorUsuarioTest" tests="1" skipped="0" failures="0" errors="0" timestamp="2019-11-27T16:02:19" hostname="SEBASTIAN-AGUDELO" time="1.189">
  <properties/>
  <testcase name="eliminarUsuarioTest()" classname="com.ceiba.hotelmanager.infraestructura.controlador.ControladorUsuarioTest" time="1.189"/>
  <system-out><![CDATA[11:02:04.777 [Test worker] DEBUG org.springframework.test.context.BootstrapUtils - Instantiating CacheAwareContextLoaderDelegate from class [org.springframework.test.context.cache.DefaultCacheAwareContextLoaderDelegate]
11:02:04.855 [Test worker] DEBUG org.springframework.test.context.BootstrapUtils - Instantiating BootstrapContext using constructor [public org.springframework.test.context.support.DefaultBootstrapContext(java.lang.Class,org.springframework.test.context.CacheAwareContextLoaderDelegate)]
11:02:05.019 [Test worker] DEBUG org.springframework.test.context.BootstrapUtils - Instantiating TestContextBootstrapper for test class [com.ceiba.hotelmanager.infraestructura.controlador.ControladorUsuarioTest] from class [org.springframework.boot.test.context.SpringBootTestContextBootstrapper]
11:02:05.084 [Test worker] INFO org.springframework.boot.test.context.SpringBootTestContextBootstrapper - Neither @ContextConfiguration nor @ContextHierarchy found for test class [com.ceiba.hotelmanager.infraestructura.controlador.ControladorUsuarioTest], using SpringBootContextLoader
11:02:05.108 [Test worker] DEBUG org.springframework.test.context.support.AbstractContextLoader - Did not detect default resource location for test class [com.ceiba.hotelmanager.infraestructura.controlador.ControladorUsuarioTest]: class path resource [com/ceiba/hotelmanager/infraestructura/controlador/ControladorUsuarioTest-context.xml] does not exist
11:02:05.113 [Test worker] DEBUG org.springframework.test.context.support.AbstractContextLoader - Did not detect default resource location for test class [com.ceiba.hotelmanager.infraestructura.controlador.ControladorUsuarioTest]: class path resource [com/ceiba/hotelmanager/infraestructura/controlador/ControladorUsuarioTestContext.groovy] does not exist
11:02:05.124 [Test worker] INFO org.springframework.test.context.support.AbstractContextLoader - Could not detect default resource locations for test class [com.ceiba.hotelmanager.infraestructura.controlador.ControladorUsuarioTest]: no resource found for suffixes {-context.xml, Context.groovy}.
11:02:05.340 [Test worker] DEBUG org.springframework.test.context.support.ActiveProfilesUtils - Could not find an 'annotation declaring class' for annotation type [org.springframework.test.context.ActiveProfiles] and class [com.ceiba.hotelmanager.infraestructura.controlador.ControladorUsuarioTest]
11:02:05.827 [Test worker] DEBUG org.springframework.boot.test.context.SpringBootTestContextBootstrapper - @TestExecutionListeners is not present for class [com.ceiba.hotelmanager.infraestructura.controlador.ControladorUsuarioTest]: using defaults.
11:02:05.829 [Test worker] INFO org.springframework.boot.test.context.SpringBootTestContextBootstrapper - Loaded default TestExecutionListener class names from location [META-INF/spring.factories]: [org.springframework.boot.test.autoconfigure.restdocs.RestDocsTestExecutionListener, org.springframework.boot.test.autoconfigure.web.client.MockRestServiceServerResetTestExecutionListener, org.springframework.boot.test.autoconfigure.web.servlet.MockMvcPrintOnlyOnFailureTestExecutionListener, org.springframework.boot.test.autoconfigure.web.servlet.WebDriverTestExecutionListener, org.springframework.boot.test.mock.mockito.MockitoTestExecutionListener, org.springframework.boot.test.mock.mockito.ResetMocksTestExecutionListener, org.springframework.test.context.web.ServletTestExecutionListener, org.springframework.test.context.support.DirtiesContextBeforeModesTestExecutionListener, org.springframework.test.context.support.DependencyInjectionTestExecutionListener, org.springframework.test.context.support.DirtiesContextTestExecutionListener, org.springframework.test.context.transaction.TransactionalTestExecutionListener, org.springframework.test.context.jdbc.SqlScriptsTestExecutionListener, org.springframework.test.context.event.EventPublishingTestExecutionListener]
11:02:05.895 [Test worker] INFO org.springframework.boot.test.context.SpringBootTestContextBootstrapper - Using TestExecutionListeners: [org.springframework.test.context.web.ServletTestExecutionListener@3e6f15a1, org.springframework.test.context.support.DirtiesContextBeforeModesTestExecutionListener@6038efa, org.springframework.boot.test.mock.mockito.MockitoTestExecutionListener@37bda16e, org.springframework.boot.test.autoconfigure.SpringBootDependencyInjectionTestExecutionListener@630dcb4e, org.springframework.test.context.support.DirtiesContextTestExecutionListener@25091893, org.springframework.test.context.transaction.TransactionalTestExecutionListener@3f672696, org.springframework.test.context.jdbc.SqlScriptsTestExecutionListener@658b56c5, org.springframework.test.context.event.EventPublishingTestExecutionListener@68d1a681, org.springframework.boot.test.autoconfigure.restdocs.RestDocsTestExecutionListener@5f1f688, org.springframework.boot.test.autoconfigure.web.client.MockRestServiceServerResetTestExecutionListener@3243336, org.springframework.boot.test.autoconfigure.web.servlet.MockMvcPrintOnlyOnFailureTestExecutionListener@3ca660e9, org.springframework.boot.test.autoconfigure.web.servlet.WebDriverTestExecutionListener@59262c52, org.springframework.boot.test.mock.mockito.ResetMocksTestExecutionListener@53e9d448]
11:02:05.908 [Test worker] DEBUG org.springframework.test.context.support.AbstractDirtiesContextTestExecutionListener - Before test class: context [DefaultTestContext@7325ba1a testClass = ControladorUsuarioTest, testInstance = [null], testMethod = [null], testException = [null], mergedContextConfiguration = [WebMergedContextConfiguration@431af1d9 testClass = ControladorUsuarioTest, locations = '{}', classes = '{class com.ceiba.hotelmanager.HotelmanagerApplication, class com.ceiba.hotelmanager.HotelmanagerApplication}', contextInitializerClasses = '[]', activeProfiles = '{}', propertySourceLocations = '{}', propertySourceProperties = '{org.springframework.boot.test.context.SpringBootTestContextBootstrapper=true}', contextCustomizers = set[org.springframework.boot.test.autoconfigure.properties.PropertyMappingContextCustomizer@4b3fa0b3, org.springframework.boot.test.autoconfigure.web.servlet.WebDriverContextCustomizerFactory$Customizer@5d81a739, [ImportsContextCustomizer@264f8693 key = [org.springframework.boot.test.autoconfigure.web.servlet.MockMvcAutoConfiguration, org.springframework.boot.test.autoconfigure.web.servlet.MockMvcWebClientAutoConfiguration, org.springframework.boot.test.autoconfigure.web.servlet.MockMvcWebDriverAutoConfiguration, org.springframework.boot.autoconfigure.security.servlet.SecurityAutoConfiguration, org.springframework.boot.autoconfigure.security.servlet.UserDetailsServiceAutoConfiguration, org.springframework.boot.test.autoconfigure.web.servlet.MockMvcSecurityConfiguration]], org.springframework.boot.test.context.filter.ExcludeFilterContextCustomizer@e713b9a, org.springframework.boot.test.json.DuplicateJsonObjectContextCustomizerFactory$DuplicateJsonObjectContextCustomizer@53b051ef, org.springframework.boot.test.mock.mockito.MockitoContextCustomizer@0, org.springframework.boot.test.web.client.TestRestTemplateContextCustomizer@3474c61b], resourceBasePath = 'src/main/webapp', contextLoader = 'org.springframework.boot.test.context.SpringBootContextLoader', parent = [null]], attributes = map['org.springframework.test.context.web.ServletTestExecutionListener.activateListener' -> true]], class annotated with @DirtiesContext [false] with mode [null].
11:02:06.017 [Test worker] DEBUG org.springframework.test.context.support.TestPropertySourceUtils - Adding inlined properties to environment: {spring.jmx.enabled=false, org.springframework.boot.test.context.SpringBootTestContextBootstrapper=true, server.port=-1}

  .   ____          _            __ _ _
 /\\ / ___'_ __ _ _(_)_ __  __ _ \ \ \ \
( ( )\___ | '_ | '_| | '_ \/ _` | \ \ \ \
 \\/  ___)| |_)| | | | | || (_| |  ) ) ) )
  '  |____| .__|_| |_|_| |_\__, | / / / /
 =========|_|==============|___/=/_/_/_/
 :: Spring Boot ::        (v2.2.0.RELEASE)

2019-11-27 11:02:07.295  INFO 1060 --- [    Test worker] c.c.h.i.c.ControladorUsuarioTest         : Starting ControladorUsuarioTest on SEBASTIAN-AGUDELO with PID 1060 (started by sebastian.agudelo in C:\Users\sebastian.agudelo\Desktop\Proyectos\ManagerHotelApp\hotel-service)
2019-11-27 11:02:07.302  INFO 1060 --- [    Test worker] c.c.h.i.c.ControladorUsuarioTest         : No active profile set, falling back to default profiles: default
2019-11-27 11:02:09.561  INFO 1060 --- [    Test worker] .s.d.r.c.RepositoryConfigurationDelegate : Bootstrapping Spring Data repositories in DEFAULT mode.
2019-11-27 11:02:09.779  INFO 1060 --- [    Test worker] .s.d.r.c.RepositoryConfigurationDelegate : Finished Spring Data repository scanning in 190ms. Found 3 repository interfaces.
2019-11-27 11:02:10.807  INFO 1060 --- [    Test worker] trationDelegate$BeanPostProcessorChecker : Bean 'org.springframework.transaction.annotation.ProxyTransactionManagementConfiguration' of type [org.springframework.transaction.annotation.ProxyTransactionManagementConfiguration] is not eligible for getting processed by all BeanPostProcessors (for example: not eligible for auto-proxying)
2019-11-27 11:02:11.328  INFO 1060 --- [    Test worker] com.zaxxer.hikari.HikariDataSource       : HikariPool-1 - Starting...
2019-11-27 11:02:11.874  INFO 1060 --- [    Test worker] com.zaxxer.hikari.HikariDataSource       : HikariPool-1 - Start completed.
2019-11-27 11:02:12.062  INFO 1060 --- [    Test worker] o.hibernate.jpa.internal.util.LogHelper  : HHH000204: Processing PersistenceUnitInfo [name: default]
2019-11-27 11:02:12.298  INFO 1060 --- [    Test worker] org.hibernate.Version                    : HHH000412: Hibernate Core {5.4.6.Final}
2019-11-27 11:02:12.698  INFO 1060 --- [    Test worker] o.hibernate.annotations.common.Version   : HCANN000001: Hibernate Commons Annotations {5.1.0.Final}
2019-11-27 11:02:12.976  INFO 1060 --- [    Test worker] org.hibernate.dialect.Dialect            : HHH000400: Using dialect: org.hibernate.dialect.H2Dialect
2019-11-27 11:02:14.826  INFO 1060 --- [    Test worker] o.h.e.t.j.p.i.JtaPlatformInitiator       : HHH000490: Using JtaPlatform implementation: [org.hibernate.engine.transaction.jta.platform.internal.NoJtaPlatform]
2019-11-27 11:02:14.843  INFO 1060 --- [    Test worker] j.LocalContainerEntityManagerFactoryBean : Initialized JPA EntityManagerFactory for persistence unit 'default'
2019-11-27 11:02:17.150  WARN 1060 --- [    Test worker] JpaBaseConfiguration$JpaWebConfiguration : spring.jpa.open-in-view is enabled by default. Therefore, database queries may be performed during view rendering. Explicitly configure spring.jpa.open-in-view to disable this warning
2019-11-27 11:02:17.936  INFO 1060 --- [    Test worker] o.s.s.concurrent.ThreadPoolTaskExecutor  : Initializing ExecutorService 'applicationTaskExecutor'
2019-11-27 11:02:18.874  INFO 1060 --- [    Test worker] o.s.b.t.m.w.SpringBootMockServletContext : Initializing Spring TestDispatcherServlet ''
2019-11-27 11:02:18.875  INFO 1060 --- [    Test worker] o.s.t.web.servlet.TestDispatcherServlet  : Initializing Servlet ''
2019-11-27 11:02:18.912  INFO 1060 --- [    Test worker] o.s.t.web.servlet.TestDispatcherServlet  : Completed initialization in 37 ms
2019-11-27 11:02:18.958  INFO 1060 --- [    Test worker] c.c.h.i.c.ControladorUsuarioTest         : Started ControladorUsuarioTest in 12.902 seconds (JVM running for 17.913)
2019-11-27 11:02:19.074  INFO 1060 --- [    Test worker] o.s.t.c.transaction.TransactionContext   : Began transaction (1) for test context [DefaultTestContext@7325ba1a testClass = ControladorUsuarioTest, testInstance = com.ceiba.hotelmanager.infraestructura.controlador.ControladorUsuarioTest@7c474994, testMethod = eliminarUsuarioTest@ControladorUsuarioTest, testException = [null], mergedContextConfiguration = [WebMergedContextConfiguration@431af1d9 testClass = ControladorUsuarioTest, locations = '{}', classes = '{class com.ceiba.hotelmanager.HotelmanagerApplication, class com.ceiba.hotelmanager.HotelmanagerApplication}', contextInitializerClasses = '[]', activeProfiles = '{}', propertySourceLocations = '{}', propertySourceProperties = '{org.springframework.boot.test.context.SpringBootTestContextBootstrapper=true}', contextCustomizers = set[org.springframework.boot.test.autoconfigure.properties.PropertyMappingContextCustomizer@4b3fa0b3, org.springframework.boot.test.autoconfigure.web.servlet.WebDriverContextCustomizerFactory$Customizer@5d81a739, [ImportsContextCustomizer@264f8693 key = [org.springframework.boot.test.autoconfigure.web.servlet.MockMvcAutoConfiguration, org.springframework.boot.test.autoconfigure.web.servlet.MockMvcWebClientAutoConfiguration, org.springframework.boot.test.autoconfigure.web.servlet.MockMvcWebDriverAutoConfiguration, org.springframework.boot.autoconfigure.security.servlet.SecurityAutoConfiguration, org.springframework.boot.autoconfigure.security.servlet.UserDetailsServiceAutoConfiguration, org.springframework.boot.test.autoconfigure.web.servlet.MockMvcSecurityConfiguration]], org.springframework.boot.test.context.filter.ExcludeFilterContextCustomizer@e713b9a, org.springframework.boot.test.json.DuplicateJsonObjectContextCustomizerFactory$DuplicateJsonObjectContextCustomizer@53b051ef, org.springframework.boot.test.mock.mockito.MockitoContextCustomizer@0, org.springframework.boot.test.web.client.TestRestTemplateContextCustomizer@3474c61b], resourceBasePath = 'src/main/webapp', contextLoader = 'org.springframework.boot.test.context.SpringBootContextLoader', parent = [null]], attributes = map['org.springframework.test.context.web.ServletTestExecutionListener.activateListener' -> true, 'org.springframework.test.context.web.ServletTestExecutionListener.populatedRequestContextHolder' -> true, 'org.springframework.test.context.web.ServletTestExecutionListener.resetRequestContextHolder' -> true]]; transaction manager [org.springframework.orm.jpa.JpaTransactionManager@731e9d04]; rollback [true]

MockHttpServletRequest:
      HTTP Method = DELETE
      Request URI = /usuario/1036960221
       Parameters = {}
          Headers = [Content-Type:"application/json;charset=UTF-8"]
             Body = {"idUsuario":1,"cedulaCiudadania":1036960221,"primerNombre":"Juan","segundoNombre":"Sebastian","primerApellido":"Agudelo","segundoApellido":"Mejia","numeroCelular":"3144568565"}
    Session Attrs = {}

Handler:
             Type = com.ceiba.hotelmanager.infraestructura.controlador.ControladorUsuario
           Method = com.ceiba.hotelmanager.infraestructura.controlador.ControladorUsuario#elimiarUsuario(Long)

Async:
    Async started = false
     Async result = null

Resolved Exception:
             Type = null

ModelAndView:
        View name = null
             View = null
            Model = null

FlashMap:
       Attributes = null

MockHttpServletResponse:
           Status = 200
    Error message = null
          Headers = [Vary:"Origin", "Access-Control-Request-Method", "Access-Control-Request-Headers"]
     Content type = null
             Body = 
    Forwarded URL = null
   Redirected URL = null
          Cookies = []
2019-11-27 11:02:20.207  INFO 1060 --- [    Test worker] o.s.t.c.transaction.TransactionContext   : Rolled back transaction for test: [DefaultTestContext@7325ba1a testClass = ControladorUsuarioTest, testInstance = com.ceiba.hotelmanager.infraestructura.controlador.ControladorUsuarioTest@7c474994, testMethod = eliminarUsuarioTest@ControladorUsuarioTest, testException = [null], mergedContextConfiguration = [WebMergedContextConfiguration@431af1d9 testClass = ControladorUsuarioTest, locations = '{}', classes = '{class com.ceiba.hotelmanager.HotelmanagerApplication, class com.ceiba.hotelmanager.HotelmanagerApplication}', contextInitializerClasses = '[]', activeProfiles = '{}', propertySourceLocations = '{}', propertySourceProperties = '{org.springframework.boot.test.context.SpringBootTestContextBootstrapper=true}', contextCustomizers = set[org.springframework.boot.test.autoconfigure.properties.PropertyMappingContextCustomizer@4b3fa0b3, org.springframework.boot.test.autoconfigure.web.servlet.WebDriverContextCustomizerFactory$Customizer@5d81a739, [ImportsContextCustomizer@264f8693 key = [org.springframework.boot.test.autoconfigure.web.servlet.MockMvcAutoConfiguration, org.springframework.boot.test.autoconfigure.web.servlet.MockMvcWebClientAutoConfiguration, org.springframework.boot.test.autoconfigure.web.servlet.MockMvcWebDriverAutoConfiguration, org.springframework.boot.autoconfigure.security.servlet.SecurityAutoConfiguration, org.springframework.boot.autoconfigure.security.servlet.UserDetailsServiceAutoConfiguration, org.springframework.boot.test.autoconfigure.web.servlet.MockMvcSecurityConfiguration]], org.springframework.boot.test.context.filter.ExcludeFilterContextCustomizer@e713b9a, org.springframework.boot.test.json.DuplicateJsonObjectContextCustomizerFactory$DuplicateJsonObjectContextCustomizer@53b051ef, org.springframework.boot.test.mock.mockito.MockitoContextCustomizer@0, org.springframework.boot.test.web.client.TestRestTemplateContextCustomizer@3474c61b], resourceBasePath = 'src/main/webapp', contextLoader = 'org.springframework.boot.test.context.SpringBootContextLoader', parent = [null]], attributes = map['org.springframework.test.context.web.ServletTestExecutionListener.activateListener' -> true, 'org.springframework.test.context.web.ServletTestExecutionListener.populatedRequestContextHolder' -> true, 'org.springframework.test.context.web.ServletTestExecutionListener.resetRequestContextHolder' -> true]]
]]></system-out>
  <system-err><![CDATA[]]></system-err>
</testsuite>
