<?xml version="1.0" encoding="UTF-8"?>
<testsuite name="com.ceiba.hotelmanager.infraestructura.controlador.ControladorReservaTest" tests="2" skipped="0" failures="0" errors="0" timestamp="2019-12-02T15:31:17" hostname="SEBASTIAN-AGUDELO" time="1.674">
  <properties/>
  <testcase name="listarReservasTest()" classname="com.ceiba.hotelmanager.infraestructura.controlador.ControladorReservaTest" time="1.26"/>
  <testcase name="crearReserva()" classname="com.ceiba.hotelmanager.infraestructura.controlador.ControladorReservaTest" time="0.408"/>
  <system-out><![CDATA[10:30:59.365 [Test worker] DEBUG org.springframework.test.context.BootstrapUtils - Instantiating CacheAwareContextLoaderDelegate from class [org.springframework.test.context.cache.DefaultCacheAwareContextLoaderDelegate]
10:30:59.418 [Test worker] DEBUG org.springframework.test.context.BootstrapUtils - Instantiating BootstrapContext using constructor [public org.springframework.test.context.support.DefaultBootstrapContext(java.lang.Class,org.springframework.test.context.CacheAwareContextLoaderDelegate)]
10:30:59.496 [Test worker] DEBUG org.springframework.test.context.BootstrapUtils - Instantiating TestContextBootstrapper for test class [com.ceiba.hotelmanager.infraestructura.controlador.ControladorReservaTest] from class [org.springframework.boot.test.context.SpringBootTestContextBootstrapper]
10:30:59.536 [Test worker] INFO org.springframework.boot.test.context.SpringBootTestContextBootstrapper - Neither @ContextConfiguration nor @ContextHierarchy found for test class [com.ceiba.hotelmanager.infraestructura.controlador.ControladorReservaTest], using SpringBootContextLoader
10:30:59.547 [Test worker] DEBUG org.springframework.test.context.support.AbstractContextLoader - Did not detect default resource location for test class [com.ceiba.hotelmanager.infraestructura.controlador.ControladorReservaTest]: class path resource [com/ceiba/hotelmanager/infraestructura/controlador/ControladorReservaTest-context.xml] does not exist
10:30:59.548 [Test worker] DEBUG org.springframework.test.context.support.AbstractContextLoader - Did not detect default resource location for test class [com.ceiba.hotelmanager.infraestructura.controlador.ControladorReservaTest]: class path resource [com/ceiba/hotelmanager/infraestructura/controlador/ControladorReservaTestContext.groovy] does not exist
10:30:59.548 [Test worker] INFO org.springframework.test.context.support.AbstractContextLoader - Could not detect default resource locations for test class [com.ceiba.hotelmanager.infraestructura.controlador.ControladorReservaTest]: no resource found for suffixes {-context.xml, Context.groovy}.
10:30:59.651 [Test worker] DEBUG org.springframework.test.context.support.ActiveProfilesUtils - Could not find an 'annotation declaring class' for annotation type [org.springframework.test.context.ActiveProfiles] and class [com.ceiba.hotelmanager.infraestructura.controlador.ControladorReservaTest]
10:30:59.947 [Test worker] DEBUG org.springframework.boot.test.context.SpringBootTestContextBootstrapper - @TestExecutionListeners is not present for class [com.ceiba.hotelmanager.infraestructura.controlador.ControladorReservaTest]: using defaults.
10:30:59.948 [Test worker] INFO org.springframework.boot.test.context.SpringBootTestContextBootstrapper - Loaded default TestExecutionListener class names from location [META-INF/spring.factories]: [org.springframework.boot.test.autoconfigure.restdocs.RestDocsTestExecutionListener, org.springframework.boot.test.autoconfigure.web.client.MockRestServiceServerResetTestExecutionListener, org.springframework.boot.test.autoconfigure.web.servlet.MockMvcPrintOnlyOnFailureTestExecutionListener, org.springframework.boot.test.autoconfigure.web.servlet.WebDriverTestExecutionListener, org.springframework.boot.test.mock.mockito.MockitoTestExecutionListener, org.springframework.boot.test.mock.mockito.ResetMocksTestExecutionListener, org.springframework.test.context.web.ServletTestExecutionListener, org.springframework.test.context.support.DirtiesContextBeforeModesTestExecutionListener, org.springframework.test.context.support.DependencyInjectionTestExecutionListener, org.springframework.test.context.support.DirtiesContextTestExecutionListener, org.springframework.test.context.transaction.TransactionalTestExecutionListener, org.springframework.test.context.jdbc.SqlScriptsTestExecutionListener, org.springframework.test.context.event.EventPublishingTestExecutionListener]
10:31:00.017 [Test worker] INFO org.springframework.boot.test.context.SpringBootTestContextBootstrapper - Using TestExecutionListeners: [org.springframework.test.context.web.ServletTestExecutionListener@23898351, org.springframework.test.context.support.DirtiesContextBeforeModesTestExecutionListener@4b6122b4, org.springframework.boot.test.mock.mockito.MockitoTestExecutionListener@3d1014c, org.springframework.boot.test.autoconfigure.SpringBootDependencyInjectionTestExecutionListener@7b3b9256, org.springframework.test.context.support.DirtiesContextTestExecutionListener@1447156b, org.springframework.test.context.transaction.TransactionalTestExecutionListener@5671e1d5, org.springframework.test.context.jdbc.SqlScriptsTestExecutionListener@5da15136, org.springframework.test.context.event.EventPublishingTestExecutionListener@7a2fd1f6, org.springframework.boot.test.autoconfigure.restdocs.RestDocsTestExecutionListener@56ef7f95, org.springframework.boot.test.autoconfigure.web.client.MockRestServiceServerResetTestExecutionListener@f4943d4, org.springframework.boot.test.autoconfigure.web.servlet.MockMvcPrintOnlyOnFailureTestExecutionListener@58369bea, org.springframework.boot.test.autoconfigure.web.servlet.WebDriverTestExecutionListener@5c92417b, org.springframework.boot.test.mock.mockito.ResetMocksTestExecutionListener@71ac9eab]
10:31:00.030 [Test worker] DEBUG org.springframework.test.context.support.AbstractDirtiesContextTestExecutionListener - Before test class: context [DefaultTestContext@e546134 testClass = ControladorReservaTest, testInstance = [null], testMethod = [null], testException = [null], mergedContextConfiguration = [WebMergedContextConfiguration@7d53f519 testClass = ControladorReservaTest, locations = '{}', classes = '{class com.ceiba.hotelmanager.HotelmanagerApplication, class com.ceiba.hotelmanager.HotelmanagerApplication}', contextInitializerClasses = '[]', activeProfiles = '{}', propertySourceLocations = '{}', propertySourceProperties = '{org.springframework.boot.test.context.SpringBootTestContextBootstrapper=true}', contextCustomizers = set[org.springframework.boot.test.autoconfigure.properties.PropertyMappingContextCustomizer@4b3fa0b3, org.springframework.boot.test.autoconfigure.web.servlet.WebDriverContextCustomizerFactory$Customizer@767deffa, [ImportsContextCustomizer@6fe9787b key = [org.springframework.boot.test.autoconfigure.web.servlet.MockMvcAutoConfiguration, org.springframework.boot.test.autoconfigure.web.servlet.MockMvcWebClientAutoConfiguration, org.springframework.boot.test.autoconfigure.web.servlet.MockMvcWebDriverAutoConfiguration, org.springframework.boot.autoconfigure.security.servlet.SecurityAutoConfiguration, org.springframework.boot.autoconfigure.security.servlet.UserDetailsServiceAutoConfiguration, org.springframework.boot.test.autoconfigure.web.servlet.MockMvcSecurityConfiguration]], org.springframework.boot.test.context.filter.ExcludeFilterContextCustomizer@37e5a01f, org.springframework.boot.test.json.DuplicateJsonObjectContextCustomizerFactory$DuplicateJsonObjectContextCustomizer@1965bb2, org.springframework.boot.test.mock.mockito.MockitoContextCustomizer@0, org.springframework.boot.test.web.client.TestRestTemplateContextCustomizer@45d50dcb], resourceBasePath = 'src/main/webapp', contextLoader = 'org.springframework.boot.test.context.SpringBootContextLoader', parent = [null]], attributes = map['org.springframework.test.context.web.ServletTestExecutionListener.activateListener' -> true]], class annotated with @DirtiesContext [false] with mode [null].
10:31:00.097 [Test worker] DEBUG org.springframework.test.context.support.TestPropertySourceUtils - Adding inlined properties to environment: {spring.jmx.enabled=false, org.springframework.boot.test.context.SpringBootTestContextBootstrapper=true, server.port=-1}

  .   ____          _            __ _ _
 /\\ / ___'_ __ _ _(_)_ __  __ _ \ \ \ \
( ( )\___ | '_ | '_| | '_ \/ _` | \ \ \ \
 \\/  ___)| |_)| | | | | || (_| |  ) ) ) )
  '  |____| .__|_| |_|_| |_\__, | / / / /
 =========|_|==============|___/=/_/_/_/
 :: Spring Boot ::        (v2.2.0.RELEASE)

2019-12-02 10:31:01.778  INFO 4432 --- [    Test worker] c.c.h.i.c.ControladorReservaTest         : Starting ControladorReservaTest on SEBASTIAN-AGUDELO with PID 4432 (started by sebastian.agudelo in C:\Users\sebastian.agudelo\Desktop\Proyectos\ManagerHotelApp\hotel-service)
2019-12-02 10:31:01.781  INFO 4432 --- [    Test worker] c.c.h.i.c.ControladorReservaTest         : No active profile set, falling back to default profiles: default
2019-12-02 10:31:04.232  INFO 4432 --- [    Test worker] .s.d.r.c.RepositoryConfigurationDelegate : Bootstrapping Spring Data repositories in DEFAULT mode.
2019-12-02 10:31:04.507  INFO 4432 --- [    Test worker] .s.d.r.c.RepositoryConfigurationDelegate : Finished Spring Data repository scanning in 243ms. Found 3 repository interfaces.
2019-12-02 10:31:05.645  INFO 4432 --- [    Test worker] trationDelegate$BeanPostProcessorChecker : Bean 'org.springframework.transaction.annotation.ProxyTransactionManagementConfiguration' of type [org.springframework.transaction.annotation.ProxyTransactionManagementConfiguration] is not eligible for getting processed by all BeanPostProcessors (for example: not eligible for auto-proxying)
2019-12-02 10:31:06.372  INFO 4432 --- [    Test worker] com.zaxxer.hikari.HikariDataSource       : HikariPool-1 - Starting...
2019-12-02 10:31:07.051  INFO 4432 --- [    Test worker] com.zaxxer.hikari.HikariDataSource       : HikariPool-1 - Start completed.
2019-12-02 10:31:07.395  INFO 4432 --- [    Test worker] o.hibernate.jpa.internal.util.LogHelper  : HHH000204: Processing PersistenceUnitInfo [name: default]
2019-12-02 10:31:07.887  INFO 4432 --- [    Test worker] org.hibernate.Version                    : HHH000412: Hibernate Core {5.4.6.Final}
2019-12-02 10:31:08.186  INFO 4432 --- [    Test worker] o.hibernate.annotations.common.Version   : HCANN000001: Hibernate Commons Annotations {5.1.0.Final}
2019-12-02 10:31:08.768  INFO 4432 --- [    Test worker] org.hibernate.dialect.Dialect            : HHH000400: Using dialect: org.hibernate.dialect.H2Dialect
2019-12-02 10:31:10.896  INFO 4432 --- [    Test worker] o.h.e.t.j.p.i.JtaPlatformInitiator       : HHH000490: Using JtaPlatform implementation: [org.hibernate.engine.transaction.jta.platform.internal.NoJtaPlatform]
2019-12-02 10:31:10.910  INFO 4432 --- [    Test worker] j.LocalContainerEntityManagerFactoryBean : Initialized JPA EntityManagerFactory for persistence unit 'default'
2019-12-02 10:31:14.055  WARN 4432 --- [    Test worker] JpaBaseConfiguration$JpaWebConfiguration : spring.jpa.open-in-view is enabled by default. Therefore, database queries may be performed during view rendering. Explicitly configure spring.jpa.open-in-view to disable this warning
2019-12-02 10:31:15.062  INFO 4432 --- [    Test worker] o.s.s.concurrent.ThreadPoolTaskExecutor  : Initializing ExecutorService 'applicationTaskExecutor'
2019-12-02 10:31:17.108  INFO 4432 --- [    Test worker] o.s.b.t.m.w.SpringBootMockServletContext : Initializing Spring TestDispatcherServlet ''
2019-12-02 10:31:17.109  INFO 4432 --- [    Test worker] o.s.t.web.servlet.TestDispatcherServlet  : Initializing Servlet ''
2019-12-02 10:31:17.146  INFO 4432 --- [    Test worker] o.s.t.web.servlet.TestDispatcherServlet  : Completed initialization in 37 ms
2019-12-02 10:31:17.198  INFO 4432 --- [    Test worker] c.c.h.i.c.ControladorReservaTest         : Started ControladorReservaTest in 17.077 seconds (JVM running for 27.59)
2019-12-02 10:31:17.363  INFO 4432 --- [    Test worker] o.s.t.c.transaction.TransactionContext   : Began transaction (1) for test context [DefaultTestContext@e546134 testClass = ControladorReservaTest, testInstance = com.ceiba.hotelmanager.infraestructura.controlador.ControladorReservaTest@60a927f1, testMethod = listarReservasTest@ControladorReservaTest, testException = [null], mergedContextConfiguration = [WebMergedContextConfiguration@7d53f519 testClass = ControladorReservaTest, locations = '{}', classes = '{class com.ceiba.hotelmanager.HotelmanagerApplication, class com.ceiba.hotelmanager.HotelmanagerApplication}', contextInitializerClasses = '[]', activeProfiles = '{}', propertySourceLocations = '{}', propertySourceProperties = '{org.springframework.boot.test.context.SpringBootTestContextBootstrapper=true}', contextCustomizers = set[org.springframework.boot.test.autoconfigure.properties.PropertyMappingContextCustomizer@4b3fa0b3, org.springframework.boot.test.autoconfigure.web.servlet.WebDriverContextCustomizerFactory$Customizer@767deffa, [ImportsContextCustomizer@6fe9787b key = [org.springframework.boot.test.autoconfigure.web.servlet.MockMvcAutoConfiguration, org.springframework.boot.test.autoconfigure.web.servlet.MockMvcWebClientAutoConfiguration, org.springframework.boot.test.autoconfigure.web.servlet.MockMvcWebDriverAutoConfiguration, org.springframework.boot.autoconfigure.security.servlet.SecurityAutoConfiguration, org.springframework.boot.autoconfigure.security.servlet.UserDetailsServiceAutoConfiguration, org.springframework.boot.test.autoconfigure.web.servlet.MockMvcSecurityConfiguration]], org.springframework.boot.test.context.filter.ExcludeFilterContextCustomizer@37e5a01f, org.springframework.boot.test.json.DuplicateJsonObjectContextCustomizerFactory$DuplicateJsonObjectContextCustomizer@1965bb2, org.springframework.boot.test.mock.mockito.MockitoContextCustomizer@0, org.springframework.boot.test.web.client.TestRestTemplateContextCustomizer@45d50dcb], resourceBasePath = 'src/main/webapp', contextLoader = 'org.springframework.boot.test.context.SpringBootContextLoader', parent = [null]], attributes = map['org.springframework.test.context.web.ServletTestExecutionListener.activateListener' -> true, 'org.springframework.test.context.web.ServletTestExecutionListener.populatedRequestContextHolder' -> true, 'org.springframework.test.context.web.ServletTestExecutionListener.resetRequestContextHolder' -> true]]; transaction manager [org.springframework.orm.jpa.JpaTransactionManager@7ad2be50]; rollback [true]

MockHttpServletRequest:
      HTTP Method = GET
      Request URI = /reserva
       Parameters = {}
          Headers = [Content-Type:"application/json;charset=UTF-8"]
             Body = [{"idReserva":1,"numeroCedula":1036960221,"usuario":{"idUsuario":1,"cedulaCiudadania":1036960221,"primerNombre":"Juan","segundoNombre":"Sebastian","primerApellido":"Agudelo","segundoApellido":"Mejia","numeroCelular":"3144568565"},"numeroHabitacion":"201","cantidadPersonas":2,"fechaIngreso":"2019-05-15","fechaSalida":"2019-05-20","factura":{"fechaRegistro":"2019-12-02","valorPagar":37200}},{"idReserva":2,"numeroCedula":1036960222,"usuario":{"idUsuario":1,"cedulaCiudadania":1036960221,"primerNombre":"Juan","segundoNombre":"Sebastian","primerApellido":"Agudelo","segundoApellido":"Mejia","numeroCelular":"3144568565"},"numeroHabitacion":"202","cantidadPersonas":2,"fechaIngreso":"2019-05-15","fechaSalida":"2019-05-20","factura":{"fechaRegistro":"2019-12-02","valorPagar":37200}}]
    Session Attrs = {}

Handler:
             Type = com.ceiba.hotelmanager.infraestructura.controlador.ControladorReserva
           Method = com.ceiba.hotelmanager.infraestructura.controlador.ControladorReserva#listarReserva()

Async:
    Async started = false
     Async result = null

Resolved Exception:
             Type = null

ModelAndView:
        View name = null
             View = null
            Model = null

FlashMap:
       Attributes = null

MockHttpServletResponse:
           Status = 200
    Error message = null
          Headers = [Vary:"Origin", "Access-Control-Request-Method", "Access-Control-Request-Headers", Content-Type:"application/json"]
     Content type = application/json
             Body = []
    Forwarded URL = null
   Redirected URL = null
          Cookies = []
2019-12-02 10:31:18.552  INFO 4432 --- [    Test worker] o.s.t.c.transaction.TransactionContext   : Rolled back transaction for test: [DefaultTestContext@e546134 testClass = ControladorReservaTest, testInstance = com.ceiba.hotelmanager.infraestructura.controlador.ControladorReservaTest@60a927f1, testMethod = listarReservasTest@ControladorReservaTest, testException = [null], mergedContextConfiguration = [WebMergedContextConfiguration@7d53f519 testClass = ControladorReservaTest, locations = '{}', classes = '{class com.ceiba.hotelmanager.HotelmanagerApplication, class com.ceiba.hotelmanager.HotelmanagerApplication}', contextInitializerClasses = '[]', activeProfiles = '{}', propertySourceLocations = '{}', propertySourceProperties = '{org.springframework.boot.test.context.SpringBootTestContextBootstrapper=true}', contextCustomizers = set[org.springframework.boot.test.autoconfigure.properties.PropertyMappingContextCustomizer@4b3fa0b3, org.springframework.boot.test.autoconfigure.web.servlet.WebDriverContextCustomizerFactory$Customizer@767deffa, [ImportsContextCustomizer@6fe9787b key = [org.springframework.boot.test.autoconfigure.web.servlet.MockMvcAutoConfiguration, org.springframework.boot.test.autoconfigure.web.servlet.MockMvcWebClientAutoConfiguration, org.springframework.boot.test.autoconfigure.web.servlet.MockMvcWebDriverAutoConfiguration, org.springframework.boot.autoconfigure.security.servlet.SecurityAutoConfiguration, org.springframework.boot.autoconfigure.security.servlet.UserDetailsServiceAutoConfiguration, org.springframework.boot.test.autoconfigure.web.servlet.MockMvcSecurityConfiguration]], org.springframework.boot.test.context.filter.ExcludeFilterContextCustomizer@37e5a01f, org.springframework.boot.test.json.DuplicateJsonObjectContextCustomizerFactory$DuplicateJsonObjectContextCustomizer@1965bb2, org.springframework.boot.test.mock.mockito.MockitoContextCustomizer@0, org.springframework.boot.test.web.client.TestRestTemplateContextCustomizer@45d50dcb], resourceBasePath = 'src/main/webapp', contextLoader = 'org.springframework.boot.test.context.SpringBootContextLoader', parent = [null]], attributes = map['org.springframework.test.context.web.ServletTestExecutionListener.activateListener' -> true, 'org.springframework.test.context.web.ServletTestExecutionListener.populatedRequestContextHolder' -> true, 'org.springframework.test.context.web.ServletTestExecutionListener.resetRequestContextHolder' -> true]]
2019-12-02 10:31:18.568  INFO 4432 --- [    Test worker] o.s.t.c.transaction.TransactionContext   : Began transaction (1) for test context [DefaultTestContext@e546134 testClass = ControladorReservaTest, testInstance = com.ceiba.hotelmanager.infraestructura.controlador.ControladorReservaTest@3a54ecf4, testMethod = crearReserva@ControladorReservaTest, testException = [null], mergedContextConfiguration = [WebMergedContextConfiguration@7d53f519 testClass = ControladorReservaTest, locations = '{}', classes = '{class com.ceiba.hotelmanager.HotelmanagerApplication, class com.ceiba.hotelmanager.HotelmanagerApplication}', contextInitializerClasses = '[]', activeProfiles = '{}', propertySourceLocations = '{}', propertySourceProperties = '{org.springframework.boot.test.context.SpringBootTestContextBootstrapper=true}', contextCustomizers = set[org.springframework.boot.test.autoconfigure.properties.PropertyMappingContextCustomizer@4b3fa0b3, org.springframework.boot.test.autoconfigure.web.servlet.WebDriverContextCustomizerFactory$Customizer@767deffa, [ImportsContextCustomizer@6fe9787b key = [org.springframework.boot.test.autoconfigure.web.servlet.MockMvcAutoConfiguration, org.springframework.boot.test.autoconfigure.web.servlet.MockMvcWebClientAutoConfiguration, org.springframework.boot.test.autoconfigure.web.servlet.MockMvcWebDriverAutoConfiguration, org.springframework.boot.autoconfigure.security.servlet.SecurityAutoConfiguration, org.springframework.boot.autoconfigure.security.servlet.UserDetailsServiceAutoConfiguration, org.springframework.boot.test.autoconfigure.web.servlet.MockMvcSecurityConfiguration]], org.springframework.boot.test.context.filter.ExcludeFilterContextCustomizer@37e5a01f, org.springframework.boot.test.json.DuplicateJsonObjectContextCustomizerFactory$DuplicateJsonObjectContextCustomizer@1965bb2, org.springframework.boot.test.mock.mockito.MockitoContextCustomizer@0, org.springframework.boot.test.web.client.TestRestTemplateContextCustomizer@45d50dcb], resourceBasePath = 'src/main/webapp', contextLoader = 'org.springframework.boot.test.context.SpringBootContextLoader', parent = [null]], attributes = map['org.springframework.test.context.web.ServletTestExecutionListener.activateListener' -> true, 'org.springframework.test.context.web.ServletTestExecutionListener.populatedRequestContextHolder' -> true, 'org.springframework.test.context.web.ServletTestExecutionListener.resetRequestContextHolder' -> true]]; transaction manager [org.springframework.orm.jpa.JpaTransactionManager@7ad2be50]; rollback [true]

MockHttpServletRequest:
      HTTP Method = POST
      Request URI = /reserva
       Parameters = {}
          Headers = [Content-Type:"application/json;charset=UTF-8", Accept:"application/json"]
             Body = {"idReserva":1,"numeroCedula":1036960221,"usuario":{"idUsuario":1,"cedulaCiudadania":1036960221,"primerNombre":"Juan","segundoNombre":"Sebastian","primerApellido":"Agudelo","segundoApellido":"Mejia","numeroCelular":"3144568565"},"numeroHabitacion":"201","cantidadPersonas":2,"fechaIngreso":"2019-05-15","fechaSalida":"2019-05-20","factura":{"fechaRegistro":"2019-12-02","valorPagar":37200}}
    Session Attrs = {}

Handler:
             Type = com.ceiba.hotelmanager.infraestructura.controlador.ControladorReserva
           Method = com.ceiba.hotelmanager.infraestructura.controlador.ControladorReserva#guardarReserva(ComandoReserva)

Async:
    Async started = false
     Async result = null

Resolved Exception:
             Type = null

ModelAndView:
        View name = null
             View = null
            Model = null

FlashMap:
       Attributes = null

MockHttpServletResponse:
           Status = 200
    Error message = null
          Headers = [Vary:"Origin", "Access-Control-Request-Method", "Access-Control-Request-Headers"]
     Content type = null
             Body = 
    Forwarded URL = null
   Redirected URL = null
          Cookies = []
2019-12-02 10:31:18.974  INFO 4432 --- [    Test worker] o.s.t.c.transaction.TransactionContext   : Rolled back transaction for test: [DefaultTestContext@e546134 testClass = ControladorReservaTest, testInstance = com.ceiba.hotelmanager.infraestructura.controlador.ControladorReservaTest@3a54ecf4, testMethod = crearReserva@ControladorReservaTest, testException = [null], mergedContextConfiguration = [WebMergedContextConfiguration@7d53f519 testClass = ControladorReservaTest, locations = '{}', classes = '{class com.ceiba.hotelmanager.HotelmanagerApplication, class com.ceiba.hotelmanager.HotelmanagerApplication}', contextInitializerClasses = '[]', activeProfiles = '{}', propertySourceLocations = '{}', propertySourceProperties = '{org.springframework.boot.test.context.SpringBootTestContextBootstrapper=true}', contextCustomizers = set[org.springframework.boot.test.autoconfigure.properties.PropertyMappingContextCustomizer@4b3fa0b3, org.springframework.boot.test.autoconfigure.web.servlet.WebDriverContextCustomizerFactory$Customizer@767deffa, [ImportsContextCustomizer@6fe9787b key = [org.springframework.boot.test.autoconfigure.web.servlet.MockMvcAutoConfiguration, org.springframework.boot.test.autoconfigure.web.servlet.MockMvcWebClientAutoConfiguration, org.springframework.boot.test.autoconfigure.web.servlet.MockMvcWebDriverAutoConfiguration, org.springframework.boot.autoconfigure.security.servlet.SecurityAutoConfiguration, org.springframework.boot.autoconfigure.security.servlet.UserDetailsServiceAutoConfiguration, org.springframework.boot.test.autoconfigure.web.servlet.MockMvcSecurityConfiguration]], org.springframework.boot.test.context.filter.ExcludeFilterContextCustomizer@37e5a01f, org.springframework.boot.test.json.DuplicateJsonObjectContextCustomizerFactory$DuplicateJsonObjectContextCustomizer@1965bb2, org.springframework.boot.test.mock.mockito.MockitoContextCustomizer@0, org.springframework.boot.test.web.client.TestRestTemplateContextCustomizer@45d50dcb], resourceBasePath = 'src/main/webapp', contextLoader = 'org.springframework.boot.test.context.SpringBootContextLoader', parent = [null]], attributes = map['org.springframework.test.context.web.ServletTestExecutionListener.activateListener' -> true, 'org.springframework.test.context.web.ServletTestExecutionListener.populatedRequestContextHolder' -> true, 'org.springframework.test.context.web.ServletTestExecutionListener.resetRequestContextHolder' -> true]]
]]></system-out>
  <system-err><![CDATA[]]></system-err>
</testsuite>
