<?xml version="1.0" encoding="UTF-8"?>
<testsuite name="com.ceiba.hotelmanager.dominio.modelo.FacturaTest" tests="1" skipped="0" failures="0" errors="0" timestamp="2019-12-02T18:47:57" hostname="SEBASTIAN-AGUDELO" time="0.034">
  <properties/>
  <testcase name="funcionamientoGetterAndSetterDeFacturaTest()" classname="com.ceiba.hotelmanager.dominio.modelo.FacturaTest" time="0.034"/>
  <system-out><![CDATA[]]></system-out>
  <system-err><![CDATA[]]></system-err>
</testsuite>
